This is XeTeX, Version 3.141592653-2.6-0.999996 (TeX Live 2024) (preloaded format=xelatex 2025.1.10)  2 FEB 2025 20:17
entering extended mode
 restricted \write18 enabled.
 file:line:error style messages enabled.
 %&-line parsing enabled.
**c:/Users/lenovo/Desktop/TA/main.tex
(c:/Users/lenovo/Desktop/TA/main.tex
LaTeX2e <2024-11-01> patch level 1
L3 programming layer <2024-12-25>
(c:/texlive/2024/texmf-dist/tex/latex/base/book.cls
Document Class: book 2024/06/29 v1.4n Standard LaTeX document class
(c:/texlive/2024/texmf-dist/tex/latex/base/bk12.clo
File: bk12.clo 2024/06/29 v1.4n Standard LaTeX file (size option)
)
\c@part=\count192
\c@chapter=\count193
\c@section=\count194
\c@subsection=\count195
\c@subsubsection=\count196
\c@paragraph=\count197
\c@subparagraph=\count198
\c@figure=\count199
\c@table=\count266
\abovecaptionskip=\skip49
\belowcaptionskip=\skip50
\bibindent=\dimen141
) (c:/texlive/2024/texmf-dist/tex/latex/geometry/geometry.sty
Package: geometry 2020/01/02 v5.9 Page Geometry
 (c:/texlive/2024/texmf-dist/tex/latex/graphics/keyval.sty
Package: keyval 2022/05/29 v1.15 key=value parser (DPC)
\KV@toks@=\toks17
) (c:/texlive/2024/texmf-dist/tex/generic/iftex/ifvtex.sty
Package: ifvtex 2019/10/25 v1.7 ifvtex legacy package. Use iftex instead.
 (c:/texlive/2024/texmf-dist/tex/generic/iftex/iftex.sty
Package: iftex 2024/12/12 v1.0g TeX engine tests
))
\Gm@cnth=\count267
\Gm@cntv=\count268
\c@Gm@tempcnt=\count269
\Gm@bindingoffset=\dimen142
\Gm@wd@mp=\dimen143
\Gm@odd@mp=\dimen144
\Gm@even@mp=\dimen145
\Gm@layoutwidth=\dimen146
\Gm@layoutheight=\dimen147
\Gm@layouthoffset=\dimen148
\Gm@layoutvoffset=\dimen149
\Gm@dimlist=\toks18
) (c:/texlive/2024/texmf-dist/tex/latex/setspace/setspace.sty
Package: setspace 2022/12/04 v6.7b set line spacing
) (c:/texlive/2024/texmf-dist/tex/generic/babel/babel.sty
Package: babel 2025/01/01 v25.1 The multilingual framework for pdfLaTeX, LuaLaTeX and XeLaTeX
\babel@savecnt=\count270
\U@D=\dimen150
\l@unhyphenated=\language89
 (c:/texlive/2024/texmf-dist/tex/generic/babel/xebabel.def)
\bbl@readstream=\read2
\bbl@dirlevel=\count271
 (c:/texlive/2024/texmf-dist/tex/generic/babel-indonesian/indonesian.ldf
Language: indonesian 2017/02/15 v1.0m Bahasa Indonesia support from the babel system
)) (c:/texlive/2024/texmf-dist/tex/generic/babel/locale/id/babel-indonesian.tex
Package babel Info: Importing font and identification data for indonesian
(babel)             from babel-id.ini. Reported on input line 11.
) (c:/texlive/2024/texmf-dist/tex/latex/fontspec/fontspec.sty (c:/texlive/2024/texmf-dist/tex/latex/l3packages/xparse/xparse.sty (c:/texlive/2024/texmf-dist/tex/latex/l3kernel/expl3.sty
Package: expl3 2024-12-25 L3 programming layer (loader) 
 (c:/texlive/2024/texmf-dist/tex/latex/l3backend/l3backend-xetex.def
File: l3backend-xetex.def 2024-05-08 L3 backend support: XeTeX
\g__graphics_track_int=\count272
\l__pdf_internal_box=\box52
\g__pdf_backend_annotation_int=\count273
\g__pdf_backend_link_int=\count274
))
Package: xparse 2024-08-16 L3 Experimental document command parser
)
Package: fontspec 2024/05/11 v2.9e Font selection for XeLaTeX and LuaLaTeX
 (c:/texlive/2024/texmf-dist/tex/latex/fontspec/fontspec-xetex.sty
Package: fontspec-xetex 2024/05/11 v2.9e Font selection for XeLaTeX and LuaLaTeX
\l__fontspec_script_int=\count275
\l__fontspec_language_int=\count276
\l__fontspec_strnum_int=\count277
\l__fontspec_tmp_int=\count278
\l__fontspec_tmpa_int=\count279
\l__fontspec_tmpb_int=\count280
\l__fontspec_tmpc_int=\count281
\l__fontspec_em_int=\count282
\l__fontspec_emdef_int=\count283
\l__fontspec_strong_int=\count284
\l__fontspec_strongdef_int=\count285
\l__fontspec_tmpa_dim=\dimen151
\l__fontspec_tmpb_dim=\dimen152
\l__fontspec_tmpc_dim=\dimen153
 (c:/texlive/2024/texmf-dist/tex/latex/base/fontenc.sty
Package: fontenc 2021/04/29 v2.0v Standard LaTeX package
) (c:/texlive/2024/texmf-dist/tex/latex/fontspec/fontspec.cfg)))

Package fontspec Info: 
(fontspec)             Font family 'TimesNewRoman(0)' created for font 'Times
(fontspec)             New Roman' with options [Ligatures=TeX].
(fontspec)              
(fontspec)              This font family consists of the following NFSS
(fontspec)             series/shapes:
(fontspec)              
(fontspec)             - 'normal' (m/n) with NFSS spec.: <->"Times New
(fontspec)             Roman/OT:script=latn;language=dflt;mapping=tex-text;"
(fontspec)             - 'small caps'  (m/sc) with NFSS spec.: <->"Times New
(fontspec)             Roman/OT:script=latn;language=dflt;+smcp;mapping=tex-text;"
(fontspec)             - 'bold' (b/n) with NFSS spec.: <->"Times New
(fontspec)             Roman/B/OT:script=latn;language=dflt;mapping=tex-text;"
(fontspec)             - 'bold small caps'  (b/sc) with NFSS spec.: <->"Times
(fontspec)             New
(fontspec)             Roman/B/OT:script=latn;language=dflt;+smcp;mapping=tex-text;"
(fontspec)             - 'italic' (m/it) with NFSS spec.: <->"Times New
(fontspec)             Roman/I/OT:script=latn;language=dflt;mapping=tex-text;"
(fontspec)             - 'italic small caps'  (m/scit) with NFSS spec.:
(fontspec)             <->"Times New
(fontspec)             Roman/I/OT:script=latn;language=dflt;+smcp;mapping=tex-text;"
(fontspec)             - 'bold italic' (b/it) with NFSS spec.: <->"Times New
(fontspec)             Roman/BI/OT:script=latn;language=dflt;mapping=tex-text;"
(fontspec)             - 'bold italic small caps'  (b/scit) with NFSS spec.:
(fontspec)             <->"Times New
(fontspec)             Roman/BI/OT:script=latn;language=dflt;+smcp;mapping=tex-text;"

 (c:/texlive/2024/texmf-dist/tex/latex/hyperref/hyperref.sty
Package: hyperref 2024-11-05 v7.01l Hypertext links for LaTeX
 (c:/texlive/2024/texmf-dist/tex/latex/kvsetkeys/kvsetkeys.sty
Package: kvsetkeys 2022-10-05 v1.19 Key value parser (HO)
) (c:/texlive/2024/texmf-dist/tex/generic/kvdefinekeys/kvdefinekeys.sty
Package: kvdefinekeys 2019-12-19 v1.6 Define keys (HO)
) (c:/texlive/2024/texmf-dist/tex/generic/pdfescape/pdfescape.sty
Package: pdfescape 2019/12/09 v1.15 Implements pdfTeX's escape features (HO)
 (c:/texlive/2024/texmf-dist/tex/generic/ltxcmds/ltxcmds.sty
Package: ltxcmds 2023-12-04 v1.26 LaTeX kernel commands for general use (HO)
) (c:/texlive/2024/texmf-dist/tex/generic/pdftexcmds/pdftexcmds.sty
Package: pdftexcmds 2020-06-27 v0.33 Utility functions of pdfTeX for LuaTeX (HO)
 (c:/texlive/2024/texmf-dist/tex/generic/infwarerr/infwarerr.sty
Package: infwarerr 2019/12/03 v1.5 Providing info/warning/error messages (HO)
)
Package pdftexcmds Info: \pdf@primitive is available.
Package pdftexcmds Info: \pdf@ifprimitive is available.
Package pdftexcmds Info: \pdfdraftmode not found.
)) (c:/texlive/2024/texmf-dist/tex/latex/hycolor/hycolor.sty
Package: hycolor 2020-01-27 v1.10 Color options for hyperref/bookmark (HO)
) (c:/texlive/2024/texmf-dist/tex/latex/hyperref/nameref.sty
Package: nameref 2023-11-26 v2.56 Cross-referencing by name of section
 (c:/texlive/2024/texmf-dist/tex/latex/refcount/refcount.sty
Package: refcount 2019/12/15 v3.6 Data extraction from label references (HO)
) (c:/texlive/2024/texmf-dist/tex/generic/gettitlestring/gettitlestring.sty
Package: gettitlestring 2019/12/15 v1.6 Cleanup title references (HO)
 (c:/texlive/2024/texmf-dist/tex/latex/kvoptions/kvoptions.sty
Package: kvoptions 2022-06-15 v3.15 Key value format for package options (HO)
))
\c@section@level=\count286
) (c:/texlive/2024/texmf-dist/tex/latex/etoolbox/etoolbox.sty
Package: etoolbox 2020/10/05 v2.5k e-TeX tools for LaTeX (JAW)
\etb@tempcnta=\count287
) (c:/texlive/2024/texmf-dist/tex/generic/stringenc/stringenc.sty
Package: stringenc 2019/11/29 v1.12 Convert strings between diff. encodings (HO)
)
\@linkdim=\dimen154
\Hy@linkcounter=\count288
\Hy@pagecounter=\count289
 (c:/texlive/2024/texmf-dist/tex/latex/hyperref/pd1enc.def
File: pd1enc.def 2024-11-05 v7.01l Hyperref: PDFDocEncoding definition (HO)
) (c:/texlive/2024/texmf-dist/tex/generic/intcalc/intcalc.sty
Package: intcalc 2019/12/15 v1.3 Expandable calculations with integers (HO)
)
\Hy@SavedSpaceFactor=\count290
 (c:/texlive/2024/texmf-dist/tex/latex/hyperref/puenc.def
File: puenc.def 2024-11-05 v7.01l Hyperref: PDF Unicode definition (HO)
)

Package hyperref Warning: Token not allowed in a PDF string (Unicode):
(hyperref)                removing `\spacefactor' on input line 4040.


Package hyperref Warning: Token not allowed in a PDF string (Unicode):
(hyperref)                removing `\@m' on input line 4040.

Package hyperref Info: Option `bookmarksnumbered' set `true' on input line 4040.
Package hyperref Info: Hyper figures OFF on input line 4157.
Package hyperref Info: Link nesting OFF on input line 4162.
Package hyperref Info: Hyper index ON on input line 4165.
Package hyperref Info: Plain pages OFF on input line 4172.
Package hyperref Info: Backreferencing OFF on input line 4177.
Package hyperref Info: Implicit mode ON; LaTeX internals redefined.
Package hyperref Info: Bookmarks ON on input line 4424.
\c@Hy@tempcnt=\count291
(c:/texlive/2024/texmf-dist/tex/latex/url/url.sty
\Urlmuskip=\muskip17
Package: url 2013/09/16  ver 3.4  Verb mode for urls, etc.
)
LaTeX Info: Redefining \url on input line 4763.
\XeTeXLinkMargin=\dimen155
 (c:/texlive/2024/texmf-dist/tex/generic/bitset/bitset.sty
Package: bitset 2019/12/09 v1.3 Handle bit-vector datatype (HO)
 (c:/texlive/2024/texmf-dist/tex/generic/bigintcalc/bigintcalc.sty
Package: bigintcalc 2019/12/15 v1.5 Expandable calculations on big integers (HO)
))
\Fld@menulength=\count292
\Field@Width=\dimen156
\Fld@charsize=\dimen157
Package hyperref Info: Hyper figures OFF on input line 6042.
Package hyperref Info: Link nesting OFF on input line 6047.
Package hyperref Info: Hyper index ON on input line 6050.
Package hyperref Info: backreferencing OFF on input line 6057.
Package hyperref Info: Link coloring OFF on input line 6062.
Package hyperref Info: Link coloring with OCG OFF on input line 6067.
Package hyperref Info: PDF/A mode OFF on input line 6072.
 (c:/texlive/2024/texmf-dist/tex/latex/base/atbegshi-ltx.sty
Package: atbegshi-ltx 2021/01/10 v1.0c Emulation of the original atbegshi
package with kernel methods
)
\Hy@abspage=\count293
\c@Item=\count294
\c@Hfootnote=\count295
)
Package hyperref Info: Driver (autodetected): hxetex.
 (c:/texlive/2024/texmf-dist/tex/latex/hyperref/hxetex.def
File: hxetex.def 2024-11-05 v7.01l Hyperref driver for XeTeX
\pdfm@box=\box53
\c@Hy@AnnotLevel=\count296
\HyField@AnnotCount=\count297
\Fld@listcount=\count298
\c@bookmark@seq@number=\count299
 (c:/texlive/2024/texmf-dist/tex/latex/rerunfilecheck/rerunfilecheck.sty
Package: rerunfilecheck 2022-07-10 v1.10 Rerun checks for auxiliary files (HO)
 (c:/texlive/2024/texmf-dist/tex/latex/base/atveryend-ltx.sty
Package: atveryend-ltx 2020/08/19 v1.0a Emulation of the original atveryend package
with kernel methods
) (c:/texlive/2024/texmf-dist/tex/generic/uniquecounter/uniquecounter.sty
Package: uniquecounter 2019/12/15 v1.4 Provide unlimited unique counter (HO)
)
Package uniquecounter Info: New unique counter `rerunfilecheck' on input line 285.
)
\Hy@SectionHShift=\skip51
) (c:/texlive/2024/texmf-dist/tex/latex/xcolor/xcolor.sty
Package: xcolor 2024/09/29 v3.02 LaTeX color extensions (UK)
 (c:/texlive/2024/texmf-dist/tex/latex/graphics-cfg/color.cfg
File: color.cfg 2016/01/02 v1.6 sample color configuration
)
Package xcolor Info: Driver file: xetex.def on input line 274.
 (c:/texlive/2024/texmf-dist/tex/latex/graphics-def/xetex.def
File: xetex.def 2022/09/22 v5.0n Graphics/color driver for xetex
) (c:/texlive/2024/texmf-dist/tex/latex/graphics/mathcolor.ltx)
Package xcolor Info: Model `cmy' substituted by `cmy0' on input line 1349.
Package xcolor Info: Model `RGB' extended on input line 1365.
Package xcolor Info: Model `HTML' substituted by `rgb' on input line 1367.
Package xcolor Info: Model `Hsb' substituted by `hsb' on input line 1368.
Package xcolor Info: Model `tHsb' substituted by `hsb' on input line 1369.
Package xcolor Info: Model `HSB' substituted by `hsb' on input line 1370.
Package xcolor Info: Model `Gray' substituted by `gray' on input line 1371.
Package xcolor Info: Model `wave' substituted by `hsb' on input line 1372.
) (c:/texlive/2024/texmf-dist/tex/latex/colortbl/colortbl.sty
Package: colortbl 2024/07/06 v1.0i Color table columns (DPC)
 (c:/texlive/2024/texmf-dist/tex/latex/tools/array.sty
Package: array 2024/10/17 v2.6g Tabular extension package (FMi)
\col@sep=\dimen158
\ar@mcellbox=\box54
\extrarowheight=\dimen159
\NC@list=\toks19
\extratabsurround=\skip52
\backup@length=\skip53
\ar@cellbox=\box55
)
\everycr=\toks20
\minrowclearance=\skip54
\rownum=\count300
) (c:/texlive/2024/texmf-dist/tex/latex/natbib/natbib.sty
Package: natbib 2010/09/13 8.31b (PWD, AO)
\bibhang=\skip55
\bibsep=\skip56
LaTeX Info: Redefining \cite on input line 694.
\c@NAT@ctr=\count301
) (c:/texlive/2024/texmf-dist/tex/latex/amsmath/amsmath.sty
Package: amsmath 2024/11/05 v2.17t AMS math features
\@mathmargin=\skip57

For additional information on amsmath, use the `?' option.
(c:/texlive/2024/texmf-dist/tex/latex/amsmath/amstext.sty
Package: amstext 2021/08/26 v2.01 AMS text
 (c:/texlive/2024/texmf-dist/tex/latex/amsmath/amsgen.sty
File: amsgen.sty 1999/11/30 v2.0 generic functions
\@emptytoks=\toks21
\ex@=\dimen160
)) (c:/texlive/2024/texmf-dist/tex/latex/amsmath/amsbsy.sty
Package: amsbsy 1999/11/29 v1.2d Bold Symbols
\pmbraise@=\dimen161
) (c:/texlive/2024/texmf-dist/tex/latex/amsmath/amsopn.sty
Package: amsopn 2022/04/08 v2.04 operator names
)
\inf@bad=\count302
LaTeX Info: Redefining \frac on input line 233.
\uproot@=\count303
\leftroot@=\count304
LaTeX Info: Redefining \overline on input line 398.
LaTeX Info: Redefining \colon on input line 409.
\classnum@=\count305
\DOTSCASE@=\count306
LaTeX Info: Redefining \ldots on input line 495.
LaTeX Info: Redefining \dots on input line 498.
LaTeX Info: Redefining \cdots on input line 619.
\Mathstrutbox@=\box56
\strutbox@=\box57
LaTeX Info: Redefining \big on input line 721.
LaTeX Info: Redefining \Big on input line 722.
LaTeX Info: Redefining \bigg on input line 723.
LaTeX Info: Redefining \Bigg on input line 724.
\big@size=\dimen162
LaTeX Font Info:    Redeclaring font encoding OML on input line 742.
LaTeX Font Info:    Redeclaring font encoding OMS on input line 743.
\macc@depth=\count307
LaTeX Info: Redefining \bmod on input line 904.
LaTeX Info: Redefining \pmod on input line 909.
LaTeX Info: Redefining \smash on input line 939.
LaTeX Info: Redefining \relbar on input line 969.
LaTeX Info: Redefining \Relbar on input line 970.
\c@MaxMatrixCols=\count308
\dotsspace@=\muskip18
\c@parentequation=\count309
\dspbrk@lvl=\count310
\tag@help=\toks22
\row@=\count311
\column@=\count312
\maxfields@=\count313
\andhelp@=\toks23
\eqnshift@=\dimen163
\alignsep@=\dimen164
\tagshift@=\dimen165
\tagwidth@=\dimen166
\totwidth@=\dimen167
\lineht@=\dimen168
\@envbody=\toks24
\multlinegap=\skip58
\multlinetaggap=\skip59
\mathdisplay@stack=\toks25
LaTeX Info: Redefining \[ on input line 2953.
LaTeX Info: Redefining \] on input line 2954.
) (c:/texlive/2024/texmf-dist/tex/latex/caption/caption.sty
Package: caption 2023/08/05 v3.6o Customizing captions (AR)
 (c:/texlive/2024/texmf-dist/tex/latex/caption/caption3.sty
Package: caption3 2023/07/31 v2.4d caption3 kernel (AR)
\caption@tempdima=\dimen169
\captionmargin=\dimen170
\caption@leftmargin=\dimen171
\caption@rightmargin=\dimen172
\caption@width=\dimen173
\caption@indent=\dimen174
\caption@parindent=\dimen175
\caption@hangindent=\dimen176
Package caption Info: Standard document class detected.
)
\c@caption@flags=\count314
\c@continuedfloat=\count315
Package caption Info: hyperref package is loaded.
) (c:/texlive/2024/texmf-dist/tex/latex/tools/verbatim.sty
Package: verbatim 2024-01-22 v1.5x LaTeX2e package for verbatim enhancements
\every@verbatim=\toks26
\verbatim@line=\toks27
\verbatim@in@stream=\read3
) (c:/texlive/2024/texmf-dist/tex/latex/tocloft/tocloft.sty
Package: tocloft 2017/08/31 v2.3i parameterised ToC, etc., typesetting
Package tocloft Info: The document has chapter divisions on input line 51.
\cftparskip=\skip60
\cftbeforetoctitleskip=\skip61
\cftaftertoctitleskip=\skip62
\cftbeforepartskip=\skip63
\cftpartnumwidth=\skip64
\cftpartindent=\skip65
\cftbeforechapskip=\skip66
\cftchapindent=\skip67
\cftchapnumwidth=\skip68
\cftbeforesecskip=\skip69
\cftsecindent=\skip70
\cftsecnumwidth=\skip71
\cftbeforesubsecskip=\skip72
\cftsubsecindent=\skip73
\cftsubsecnumwidth=\skip74
\cftbeforesubsubsecskip=\skip75
\cftsubsubsecindent=\skip76
\cftsubsubsecnumwidth=\skip77
\cftbeforeparaskip=\skip78
\cftparaindent=\skip79
\cftparanumwidth=\skip80
\cftbeforesubparaskip=\skip81
\cftsubparaindent=\skip82
\cftsubparanumwidth=\skip83
\cftbeforeloftitleskip=\skip84
\cftafterloftitleskip=\skip85
\cftbeforefigskip=\skip86
\cftfigindent=\skip87
\cftfignumwidth=\skip88
\c@lofdepth=\count316
\c@lotdepth=\count317
\cftbeforelottitleskip=\skip89
\cftafterlottitleskip=\skip90
\cftbeforetabskip=\skip91
\cfttabindent=\skip92
\cfttabnumwidth=\skip93
) (c:/texlive/2024/texmf-dist/tex/latex/changepage/changepage.sty
Package: changepage 2009/10/20 v1.0c check page and change page layout
\c@cp@cntr=\count318
\cp@tempcnt=\count319
) (c:/texlive/2024/texmf-dist/tex/latex/csvsimple/csvsimple.sty
Package: csvsimple 2024/09/27 v2.7.0 LaTeX CSV file processing
) (c:/texlive/2024/texmf-dist/tex/latex/csvsimple/csvsimple-legacy.sty
Package: csvsimple-legacy 2024/09/27 version 2.7.0 LaTeX2e CSV file processing
 (c:/texlive/2024/texmf-dist/tex/latex/pgf/utilities/pgfrcs.sty (c:/texlive/2024/texmf-dist/tex/generic/pgf/utilities/pgfutil-common.tex
\pgfutil@everybye=\toks28
\pgfutil@tempdima=\dimen177
\pgfutil@tempdimb=\dimen178
) (c:/texlive/2024/texmf-dist/tex/generic/pgf/utilities/pgfutil-latex.def
\pgfutil@abb=\box58
) (c:/texlive/2024/texmf-dist/tex/generic/pgf/utilities/pgfrcs.code.tex (c:/texlive/2024/texmf-dist/tex/generic/pgf/pgf.revision.tex)
Package: pgfrcs 2023-01-15 v3.1.10 (3.1.10)
)) (c:/texlive/2024/texmf-dist/tex/latex/pgf/utilities/pgfkeys.sty (c:/texlive/2024/texmf-dist/tex/generic/pgf/utilities/pgfkeys.code.tex
\pgfkeys@pathtoks=\toks29
\pgfkeys@temptoks=\toks30
 (c:/texlive/2024/texmf-dist/tex/generic/pgf/utilities/pgfkeyslibraryfiltered.code.tex
\pgfkeys@tmptoks=\toks31
))) (c:/texlive/2024/texmf-dist/tex/latex/base/ifthen.sty
Package: ifthen 2024/03/16 v1.1e Standard LaTeX ifthen package (DPC)
) (c:/texlive/2024/texmf-dist/tex/latex/tools/shellesc.sty
Package: shellesc 2023/07/08 v1.0d unified shell escape interface for LaTeX
Package shellesc Info: Restricted shell escape enabled on input line 77.
)
\csv@file=\read4
\c@csvinputline=\count320
\c@csvrow=\count321
\c@csvcol=\count322
\csv@out=\write3
) (c:/texlive/2024/texmf-dist/tex/latex/enumitem/enumitem.sty
Package: enumitem 2019/06/20 v3.9 Customized lists
\labelindent=\skip94
\enit@outerparindent=\dimen179
\enit@toks=\toks32
\enit@inbox=\box59
\enit@count@id=\count323
\enitdp@description=\count324
) (c:/texlive/2024/texmf-dist/tex/latex/eso-pic/eso-pic.sty
Package: eso-pic 2023/05/03 v3.0c eso-pic (RN)
\ESO@tempdima=\dimen180
\ESO@tempdimb=\dimen181
) (c:/texlive/2024/texmf-dist/tex/latex/caption/subcaption.sty
Package: subcaption 2023/07/28 v1.6b Sub-captions (AR)
Package caption Info: New subtype `subfigure' on input line 238.
\c@subfigure=\count325
Package caption Info: New subtype `subtable' on input line 238.
\c@subtable=\count326
) (c:/texlive/2024/texmf-dist/tex/latex/graphics/graphicx.sty
Package: graphicx 2021/09/16 v1.2d Enhanced LaTeX Graphics (DPC,SPQR)
 (c:/texlive/2024/texmf-dist/tex/latex/graphics/graphics.sty
Package: graphics 2024/08/06 v1.4g Standard LaTeX Graphics (DPC,SPQR)
 (c:/texlive/2024/texmf-dist/tex/latex/graphics/trig.sty
Package: trig 2023/12/02 v1.11 sin cos tan (DPC)
) (c:/texlive/2024/texmf-dist/tex/latex/graphics-cfg/graphics.cfg
File: graphics.cfg 2016/06/04 v1.11 sample graphics configuration
)
Package graphics Info: Driver file: xetex.def on input line 106.
)
\Gin@req@height=\dimen182
\Gin@req@width=\dimen183
) (c:/texlive/2024/texmf-dist/tex/latex/tools/hhline.sty
Package: hhline 2020/01/04 v2.04 Table rule package (DPC)
) (c:/texlive/2024/texmf-dist/tex/latex/import/import.sty
Package: import 2020/04/01  v 6.2
) (c:/texlive/2024/texmf-dist/tex/latex/lipsum/lipsum.sty (c:/texlive/2024/texmf-dist/tex/latex/l3packages/l3keys2e/l3keys2e.sty
Package: l3keys2e 2024-08-16 LaTeX2e option processing using LaTeX3 keys
)
Package: lipsum 2021-09-20 v2.7 150 paragraphs of Lorem Ipsum dummy text
\g__lipsum_par_int=\count327
\l__lipsum_a_int=\count328
\l__lipsum_b_int=\count329
 (c:/texlive/2024/texmf-dist/tex/latex/lipsum/lipsum.ltd.tex)) (c:/texlive/2024/texmf-dist/tex/latex/tools/longtable.sty
Package: longtable 2024-10-27 v4.22 Multi-page Table package (DPC)
\LTleft=\skip95
\LTright=\skip96
\LTpre=\skip97
\LTpost=\skip98
\LTchunksize=\count330
\LTcapwidth=\dimen184
\LT@head=\box60
\LT@firsthead=\box61
\LT@foot=\box62
\LT@lastfoot=\box63
\LT@gbox=\box64
\LT@cols=\count331
\LT@rows=\count332
\c@LT@tables=\count333
\c@LT@chunks=\count334
\LT@p@ftn=\toks33
) (c:/texlive/2024/texmf-dist/tex/latex/multido/multido.sty
Package: multido 2004/05/17 package wrapper for PSTricks `multido.tex', (HV/RN)
 (c:/texlive/2024/texmf-dist/tex/generic/multido/multido.tex  v1.42, 2010/05/14 <tvz>
\multido@count=\count335
\multidocount=\count336
\multido@stuff=\toks34
)
File: multido.tex 2010/05/14 v1.42 `multido' (tvz,hv)
) (c:/texlive/2024/texmf-dist/tex/latex/multirow/multirow.sty
Package: multirow 2024/11/12 v2.9 Span multiple rows of a table
\multirow@colwidth=\skip99
\multirow@cntb=\count337
\multirow@dima=\skip100
\bigstrutjot=\dimen185
) (c:/texlive/2024/texmf-dist/tex/latex/pdflscape/pdflscape.sty
Package: pdflscape 2022-10-27 v0.13 Display of landscape pages in PDF
 (c:/texlive/2024/texmf-dist/tex/latex/pdflscape/pdflscape-nometadata.sty
Package: pdflscape-nometadata 2022-10-28 v0.13 Display of landscape pages in PDF (HO)
 (c:/texlive/2024/texmf-dist/tex/latex/graphics/lscape.sty
Package: lscape 2020/05/28 v3.02 Landscape Pages (DPC)
)
Package pdflscape Info: Auto-detected driver: dvipdfm (xetex) on input line 98.
)) (c:/texlive/2024/texmf-dist/tex/latex/pdfpages/pdfpages.sty
Package: pdfpages 2024/10/28 v0.6c Insert pages of external PDF documents (AM)
 (c:/texlive/2024/texmf-dist/tex/latex/tools/calc.sty
Package: calc 2023/07/08 v4.3 Infix arithmetic (KKT,FJ)
\calc@Acount=\count338
\calc@Bcount=\count339
\calc@Adimen=\dimen186
\calc@Bdimen=\dimen187
\calc@Askip=\skip101
\calc@Bskip=\skip102
LaTeX Info: Redefining \setlength on input line 80.
LaTeX Info: Redefining \addtolength on input line 81.
\calc@Ccount=\count340
\calc@Cskip=\skip103
)
\AM@pagewidth=\dimen188
\AM@pageheight=\dimen189
\AM@fboxrule=\dimen190
 (c:/texlive/2024/texmf-dist/tex/latex/pdfpages/ppxetex.def
File: ppxetex.def 2024/10/28 v0.6c Pdfpages driver for XeTeX (AM)
)
\pdfpages@includegraphics@status=\count341
\AM@pagebox=\box65
\AM@global@opts=\toks35
\AM@pagecnt=\count342
\AM@toc@title=\toks36
\AM@lof@heading=\toks37
\c@AM@survey=\count343
\AM@templatesizebox=\box66
) (c:/texlive/2024/texmf-dist/tex/latex/graphics/rotating.sty
Package: rotating 2016/08/11 v2.16d rotated objects in LaTeX
\c@r@tfl@t=\count344
\rotFPtop=\skip104
\rotFPbot=\skip105
\rot@float@box=\box67
\rot@mess@toks=\toks38
) (c:/texlive/2024/texmf-dist/tex/latex/rotfloat/rotfloat.sty
Package: rotfloat 2004/01/04 v1.2 Combining float+rotating package (AS)
 (c:/texlive/2024/texmf-dist/tex/latex/float/float.sty
Package: float 2001/11/08 v1.3d Float enhancements (AL)
\c@float@type=\count345
\float@exts=\toks39
\float@box=\box68
\@float@everytoks=\toks40
\@floatcapt=\box69
)
Package rotfloat Info: float package v1.3 detected on input line 74.
) (c:/texlive/2024/texmf-dist/tex/latex/tools/tabularx.sty
Package: tabularx 2023/12/11 v2.12a `tabularx' package (DPC)
\TX@col@width=\dimen191
\TX@old@table=\dimen192
\TX@old@col=\dimen193
\TX@target=\dimen194
\TX@delta=\dimen195
\TX@cols=\count346
\TX@ftn=\toks41
) (c:/texlive/2024/texmf-dist/tex/latex/wrapfig/wrapfig.sty
\wrapoverhang=\dimen196
\WF@size=\dimen197
\c@WF@wrappedlines=\count347
\WF@box=\box70
\WF@everypar=\toks42
Package: wrapfig 2003/01/31  v 3.6
) (c:/texlive/2024/texmf-dist/tex/latex/xpatch/xpatch.sty
Package: xpatch 2020/03/25 v0.3a Extending etoolbox patching commands
) (c:/texlive/2024/texmf-dist/tex/latex/zref/zref-abspage.sty
Package: zref-abspage 2023-09-14 v2.35 Module abspage for zref (HO)
 (c:/texlive/2024/texmf-dist/tex/latex/zref/zref-base.sty
Package: zref-base 2023-09-14 v2.35 Module base for zref (HO)
 (c:/texlive/2024/texmf-dist/tex/generic/etexcmds/etexcmds.sty
Package: etexcmds 2019/12/15 v1.7 Avoid name clashes with e-TeX commands (HO)
) (c:/texlive/2024/texmf-dist/tex/latex/auxhook/auxhook.sty
Package: auxhook 2019-12-17 v1.6 Hooks for auxiliary files (HO)
)
Package zref Info: New property list: main on input line 767.
Package zref Info: New property: default on input line 768.
Package zref Info: New property: page on input line 769.
)
\c@abspage=\count348
Package zref Info: New property: abspage on input line 67.
) (c:/texlive/2024/texmf-dist/tex/latex/zref/zref-user.sty
Package: zref-user 2023-09-14 v2.35 Module user for zref (HO)
) (c:/texlive/2024/texmf-dist/tex/latex/fancyhdr/fancyhdr.sty
Package: fancyhdr 2025/01/06 v5.1 Extensive control of page headers and footers
\f@nch@headwidth=\skip106
\f@nch@offset@elh=\skip107
\f@nch@offset@erh=\skip108
\f@nch@offset@olh=\skip109
\f@nch@offset@orh=\skip110
\f@nch@offset@elf=\skip111
\f@nch@offset@erf=\skip112
\f@nch@offset@olf=\skip113
\f@nch@offset@orf=\skip114
\f@nch@height=\skip115
\f@nch@footalignment=\skip116
\f@nch@widthL=\skip117
\f@nch@widthC=\skip118
\f@nch@widthR=\skip119
\@temptokenb=\toks43
) (c:/texlive/2024/texmf-dist/tex/latex/titlesec/titlesec.sty
Package: titlesec 2025/01/04 v2.17 Sectioning titles
\ttl@box=\box71
\beforetitleunit=\skip120
\aftertitleunit=\skip121
\ttl@plus=\dimen198
\ttl@minus=\dimen199
\ttl@toksa=\toks44
\titlewidth=\dimen256
\titlewidthlast=\dimen257
\titlewidthfirst=\dimen258
) (c:/texlive/2024/texmf-dist/tex/latex/listings/listings.sty
\lst@mode=\count349
\lst@gtempboxa=\box72
\lst@token=\toks45
\lst@length=\count350
\lst@currlwidth=\dimen259
\lst@column=\count351
\lst@pos=\count352
\lst@lostspace=\dimen260
\lst@width=\dimen261
\lst@newlines=\count353
\lst@lineno=\count354
\lst@maxwidth=\dimen262
 (c:/texlive/2024/texmf-dist/tex/latex/listings/lstpatch.sty
File: lstpatch.sty 2024/09/23 1.10c (Carsten Heinz)
) (c:/texlive/2024/texmf-dist/tex/latex/listings/lstmisc.sty
File: lstmisc.sty 2024/09/23 1.10c (Carsten Heinz)
\c@lstnumber=\count355
\lst@skipnumbers=\count356
\lst@framebox=\box73
) (c:/texlive/2024/texmf-dist/tex/latex/listings/listings.cfg
File: listings.cfg 2024/09/23 1.10c listings configuration
))
Package: listings 2024/09/23 1.10c (Carsten Heinz)
 (c:/texlive/2024/texmf-dist/tex/latex/pgfplots/pgfplots.sty (c:/texlive/2024/texmf-dist/tex/generic/pgfplots/pgfplots.revision.tex)
Package: pgfplots 2021/05/15 v1.18.1 Data Visualization (1.18.1)
 (c:/texlive/2024/texmf-dist/tex/latex/pgf/frontendlayer/tikz.sty (c:/texlive/2024/texmf-dist/tex/latex/pgf/basiclayer/pgf.sty
Package: pgf 2023-01-15 v3.1.10 (3.1.10)
 (c:/texlive/2024/texmf-dist/tex/latex/pgf/basiclayer/pgfcore.sty (c:/texlive/2024/texmf-dist/tex/latex/pgf/systemlayer/pgfsys.sty (c:/texlive/2024/texmf-dist/tex/generic/pgf/systemlayer/pgfsys.code.tex
Package: pgfsys 2023-01-15 v3.1.10 (3.1.10)
\pgf@x=\dimen263
\pgf@y=\dimen264
\pgf@xa=\dimen265
\pgf@ya=\dimen266
\pgf@xb=\dimen267
\pgf@yb=\dimen268
\pgf@xc=\dimen269
\pgf@yc=\dimen270
\pgf@xd=\dimen271
\pgf@yd=\dimen272
\w@pgf@writea=\write4
\r@pgf@reada=\read5
\c@pgf@counta=\count357
\c@pgf@countb=\count358
\c@pgf@countc=\count359
\c@pgf@countd=\count360
\t@pgf@toka=\toks46
\t@pgf@tokb=\toks47
\t@pgf@tokc=\toks48
\pgf@sys@id@count=\count361
 (c:/texlive/2024/texmf-dist/tex/generic/pgf/systemlayer/pgf.cfg
File: pgf.cfg 2023-01-15 v3.1.10 (3.1.10)
)
Driver file for pgf: pgfsys-xetex.def
 (c:/texlive/2024/texmf-dist/tex/generic/pgf/systemlayer/pgfsys-xetex.def
File: pgfsys-xetex.def 2023-01-15 v3.1.10 (3.1.10)
 (c:/texlive/2024/texmf-dist/tex/generic/pgf/systemlayer/pgfsys-dvipdfmx.def
File: pgfsys-dvipdfmx.def 2023-01-15 v3.1.10 (3.1.10)
 (c:/texlive/2024/texmf-dist/tex/generic/pgf/systemlayer/pgfsys-common-pdf.def
File: pgfsys-common-pdf.def 2023-01-15 v3.1.10 (3.1.10)
)
\pgfsys@objnum=\count362
))) (c:/texlive/2024/texmf-dist/tex/generic/pgf/systemlayer/pgfsyssoftpath.code.tex
File: pgfsyssoftpath.code.tex 2023-01-15 v3.1.10 (3.1.10)
\pgfsyssoftpath@smallbuffer@items=\count363
\pgfsyssoftpath@bigbuffer@items=\count364
) (c:/texlive/2024/texmf-dist/tex/generic/pgf/systemlayer/pgfsysprotocol.code.tex
File: pgfsysprotocol.code.tex 2023-01-15 v3.1.10 (3.1.10)
)) (c:/texlive/2024/texmf-dist/tex/generic/pgf/basiclayer/pgfcore.code.tex
Package: pgfcore 2023-01-15 v3.1.10 (3.1.10)
 (c:/texlive/2024/texmf-dist/tex/generic/pgf/math/pgfmath.code.tex (c:/texlive/2024/texmf-dist/tex/generic/pgf/math/pgfmathutil.code.tex) (c:/texlive/2024/texmf-dist/tex/generic/pgf/math/pgfmathparser.code.tex
\pgfmath@dimen=\dimen273
\pgfmath@count=\count365
\pgfmath@box=\box74
\pgfmath@toks=\toks49
\pgfmath@stack@operand=\toks50
\pgfmath@stack@operation=\toks51
) (c:/texlive/2024/texmf-dist/tex/generic/pgf/math/pgfmathfunctions.code.tex) (c:/texlive/2024/texmf-dist/tex/generic/pgf/math/pgfmathfunctions.basic.code.tex) (c:/texlive/2024/texmf-dist/tex/generic/pgf/math/pgfmathfunctions.trigonometric.code.tex) (c:/texlive/2024/texmf-dist/tex/generic/pgf/math/pgfmathfunctions.random.code.tex) (c:/texlive/2024/texmf-dist/tex/generic/pgf/math/pgfmathfunctions.comparison.code.tex) (c:/texlive/2024/texmf-dist/tex/generic/pgf/math/pgfmathfunctions.base.code.tex) (c:/texlive/2024/texmf-dist/tex/generic/pgf/math/pgfmathfunctions.round.code.tex) (c:/texlive/2024/texmf-dist/tex/generic/pgf/math/pgfmathfunctions.misc.code.tex) (c:/texlive/2024/texmf-dist/tex/generic/pgf/math/pgfmathfunctions.integerarithmetics.code.tex) (c:/texlive/2024/texmf-dist/tex/generic/pgf/math/pgfmathcalc.code.tex) (c:/texlive/2024/texmf-dist/tex/generic/pgf/math/pgfmathfloat.code.tex
\c@pgfmathroundto@lastzeros=\count366
)) (c:/texlive/2024/texmf-dist/tex/generic/pgf/math/pgfint.code.tex) (c:/texlive/2024/texmf-dist/tex/generic/pgf/basiclayer/pgfcorepoints.code.tex
File: pgfcorepoints.code.tex 2023-01-15 v3.1.10 (3.1.10)
\pgf@picminx=\dimen274
\pgf@picmaxx=\dimen275
\pgf@picminy=\dimen276
\pgf@picmaxy=\dimen277
\pgf@pathminx=\dimen278
\pgf@pathmaxx=\dimen279
\pgf@pathminy=\dimen280
\pgf@pathmaxy=\dimen281
\pgf@xx=\dimen282
\pgf@xy=\dimen283
\pgf@yx=\dimen284
\pgf@yy=\dimen285
\pgf@zx=\dimen286
\pgf@zy=\dimen287
) (c:/texlive/2024/texmf-dist/tex/generic/pgf/basiclayer/pgfcorepathconstruct.code.tex
File: pgfcorepathconstruct.code.tex 2023-01-15 v3.1.10 (3.1.10)
\pgf@path@lastx=\dimen288
\pgf@path@lasty=\dimen289
) (c:/texlive/2024/texmf-dist/tex/generic/pgf/basiclayer/pgfcorepathusage.code.tex
File: pgfcorepathusage.code.tex 2023-01-15 v3.1.10 (3.1.10)
\pgf@shorten@end@additional=\dimen290
\pgf@shorten@start@additional=\dimen291
) (c:/texlive/2024/texmf-dist/tex/generic/pgf/basiclayer/pgfcorescopes.code.tex
File: pgfcorescopes.code.tex 2023-01-15 v3.1.10 (3.1.10)
\pgfpic=\box75
\pgf@hbox=\box76
\pgf@layerbox@main=\box77
\pgf@picture@serial@count=\count367
) (c:/texlive/2024/texmf-dist/tex/generic/pgf/basiclayer/pgfcoregraphicstate.code.tex
File: pgfcoregraphicstate.code.tex 2023-01-15 v3.1.10 (3.1.10)
\pgflinewidth=\dimen292
) (c:/texlive/2024/texmf-dist/tex/generic/pgf/basiclayer/pgfcoretransformations.code.tex
File: pgfcoretransformations.code.tex 2023-01-15 v3.1.10 (3.1.10)
\pgf@pt@x=\dimen293
\pgf@pt@y=\dimen294
\pgf@pt@temp=\dimen295
) (c:/texlive/2024/texmf-dist/tex/generic/pgf/basiclayer/pgfcorequick.code.tex
File: pgfcorequick.code.tex 2023-01-15 v3.1.10 (3.1.10)
) (c:/texlive/2024/texmf-dist/tex/generic/pgf/basiclayer/pgfcoreobjects.code.tex
File: pgfcoreobjects.code.tex 2023-01-15 v3.1.10 (3.1.10)
) (c:/texlive/2024/texmf-dist/tex/generic/pgf/basiclayer/pgfcorepathprocessing.code.tex
File: pgfcorepathprocessing.code.tex 2023-01-15 v3.1.10 (3.1.10)
) (c:/texlive/2024/texmf-dist/tex/generic/pgf/basiclayer/pgfcorearrows.code.tex
File: pgfcorearrows.code.tex 2023-01-15 v3.1.10 (3.1.10)
\pgfarrowsep=\dimen296
) (c:/texlive/2024/texmf-dist/tex/generic/pgf/basiclayer/pgfcoreshade.code.tex
File: pgfcoreshade.code.tex 2023-01-15 v3.1.10 (3.1.10)
\pgf@max=\dimen297
\pgf@sys@shading@range@num=\count368
\pgf@shadingcount=\count369
) (c:/texlive/2024/texmf-dist/tex/generic/pgf/basiclayer/pgfcoreimage.code.tex
File: pgfcoreimage.code.tex 2023-01-15 v3.1.10 (3.1.10)
) (c:/texlive/2024/texmf-dist/tex/generic/pgf/basiclayer/pgfcoreexternal.code.tex
File: pgfcoreexternal.code.tex 2023-01-15 v3.1.10 (3.1.10)
\pgfexternal@startupbox=\box78
) (c:/texlive/2024/texmf-dist/tex/generic/pgf/basiclayer/pgfcorelayers.code.tex
File: pgfcorelayers.code.tex 2023-01-15 v3.1.10 (3.1.10)
) (c:/texlive/2024/texmf-dist/tex/generic/pgf/basiclayer/pgfcoretransparency.code.tex
File: pgfcoretransparency.code.tex 2023-01-15 v3.1.10 (3.1.10)
) (c:/texlive/2024/texmf-dist/tex/generic/pgf/basiclayer/pgfcorepatterns.code.tex
File: pgfcorepatterns.code.tex 2023-01-15 v3.1.10 (3.1.10)
) (c:/texlive/2024/texmf-dist/tex/generic/pgf/basiclayer/pgfcorerdf.code.tex
File: pgfcorerdf.code.tex 2023-01-15 v3.1.10 (3.1.10)
))) (c:/texlive/2024/texmf-dist/tex/generic/pgf/modules/pgfmoduleshapes.code.tex
File: pgfmoduleshapes.code.tex 2023-01-15 v3.1.10 (3.1.10)
\pgfnodeparttextbox=\box79
) (c:/texlive/2024/texmf-dist/tex/generic/pgf/modules/pgfmoduleplot.code.tex
File: pgfmoduleplot.code.tex 2023-01-15 v3.1.10 (3.1.10)
) (c:/texlive/2024/texmf-dist/tex/latex/pgf/compatibility/pgfcomp-version-0-65.sty
Package: pgfcomp-version-0-65 2023-01-15 v3.1.10 (3.1.10)
\pgf@nodesepstart=\dimen298
\pgf@nodesepend=\dimen299
) (c:/texlive/2024/texmf-dist/tex/latex/pgf/compatibility/pgfcomp-version-1-18.sty
Package: pgfcomp-version-1-18 2023-01-15 v3.1.10 (3.1.10)
)) (c:/texlive/2024/texmf-dist/tex/latex/pgf/utilities/pgffor.sty (c:/texlive/2024/texmf-dist/tex/latex/pgf/math/pgfmath.sty (c:/texlive/2024/texmf-dist/tex/generic/pgf/math/pgfmath.code.tex)) (c:/texlive/2024/texmf-dist/tex/generic/pgf/utilities/pgffor.code.tex
Package: pgffor 2023-01-15 v3.1.10 (3.1.10)
\pgffor@iter=\dimen300
\pgffor@skip=\dimen301
\pgffor@stack=\toks52
\pgffor@toks=\toks53
)) (c:/texlive/2024/texmf-dist/tex/generic/pgf/frontendlayer/tikz/tikz.code.tex
Package: tikz 2023-01-15 v3.1.10 (3.1.10)
 (c:/texlive/2024/texmf-dist/tex/generic/pgf/libraries/pgflibraryplothandlers.code.tex
File: pgflibraryplothandlers.code.tex 2023-01-15 v3.1.10 (3.1.10)
\pgf@plot@mark@count=\count370
\pgfplotmarksize=\dimen302
)
\tikz@lastx=\dimen303
\tikz@lasty=\dimen304
\tikz@lastxsaved=\dimen305
\tikz@lastysaved=\dimen306
\tikz@lastmovetox=\dimen307
\tikz@lastmovetoy=\dimen308
\tikzleveldistance=\dimen309
\tikzsiblingdistance=\dimen310
\tikz@figbox=\box80
\tikz@figbox@bg=\box81
\tikz@tempbox=\box82
\tikz@tempbox@bg=\box83
\tikztreelevel=\count371
\tikznumberofchildren=\count372
\tikznumberofcurrentchild=\count373
\tikz@fig@count=\count374
 (c:/texlive/2024/texmf-dist/tex/generic/pgf/modules/pgfmodulematrix.code.tex
File: pgfmodulematrix.code.tex 2023-01-15 v3.1.10 (3.1.10)
\pgfmatrixcurrentrow=\count375
\pgfmatrixcurrentcolumn=\count376
\pgf@matrix@numberofcolumns=\count377
)
\tikz@expandcount=\count378
 (c:/texlive/2024/texmf-dist/tex/generic/pgf/frontendlayer/tikz/libraries/tikzlibrarytopaths.code.tex
File: tikzlibrarytopaths.code.tex 2023-01-15 v3.1.10 (3.1.10)
))) (c:/texlive/2024/texmf-dist/tex/generic/pgfplots/pgfplots.code.tex (c:/texlive/2024/texmf-dist/tex/generic/pgfplots/pgfplotscore.code.tex
\t@pgfplots@toka=\toks54
\t@pgfplots@tokb=\toks55
\t@pgfplots@tokc=\toks56
\pgfplots@tmpa=\dimen311
\c@pgfplots@coordindex=\count379
\c@pgfplots@scanlineindex=\count380
 (c:/texlive/2024/texmf-dist/tex/generic/pgfplots/sys/pgfplotssysgeneric.code.tex)) (c:/texlive/2024/texmf-dist/tex/generic/pgfplots/libs/pgfplotslibrary.code.tex) (c:/texlive/2024/texmf-dist/tex/generic/pgfplots/oldpgfcompatib/pgfplotsoldpgfsupp_loader.code.tex (c:/texlive/2024/texmf-dist/tex/generic/pgf/libraries/pgflibraryfpu.code.tex)
Package pgfplots: loading complementary utilities for your pgf version...
\t@pgf@toka=\toks57
\t@pgf@tokb=\toks58
\t@pgf@tokc=\toks59
(c:/texlive/2024/texmf-dist/tex/generic/pgfplots/oldpgfcompatib/pgfplotsoldpgfsupp_pgfutil-common-lists.tex)) (c:/texlive/2024/texmf-dist/tex/generic/pgfplots/util/pgfplotsutil.code.tex (c:/texlive/2024/texmf-dist/tex/generic/pgfplots/liststructure/pgfplotsliststructure.code.tex) (c:/texlive/2024/texmf-dist/tex/generic/pgfplots/liststructure/pgfplotsliststructureext.code.tex) (c:/texlive/2024/texmf-dist/tex/generic/pgfplots/liststructure/pgfplotsarray.code.tex
\c@pgfplotsarray@tmp=\count381
) (c:/texlive/2024/texmf-dist/tex/generic/pgfplots/liststructure/pgfplotsmatrix.code.tex) (c:/texlive/2024/texmf-dist/tex/generic/pgfplots/numtable/pgfplotstableshared.code.tex
\c@pgfplotstable@counta=\count382
\t@pgfplotstable@a=\toks60
) (c:/texlive/2024/texmf-dist/tex/generic/pgfplots/liststructure/pgfplotsdeque.code.tex) (c:/texlive/2024/texmf-dist/tex/generic/pgfplots/util/pgfplotsbinary.code.tex (c:/texlive/2024/texmf-dist/tex/generic/pgfplots/util/pgfplotsbinary.data.code.tex)) (c:/texlive/2024/texmf-dist/tex/generic/pgfplots/util/pgfplotsutil.verb.code.tex) (c:/texlive/2024/texmf-dist/tex/generic/pgfplots/libs/pgflibrarypgfplots.surfshading.code.tex
\c@pgfplotslibrarysurf@no=\count383
 (c:/texlive/2024/texmf-dist/tex/generic/pgfplots/sys/pgflibrarypgfplots.surfshading.pgfsys-xetex.def (c:/texlive/2024/texmf-dist/tex/generic/pgfplots/sys/pgflibrarypgfplots.surfshading.pgfsys-dvipdfmx.def
\c@pgfplotslibrarysurf@streamlen=\count384
)))) (c:/texlive/2024/texmf-dist/tex/generic/pgfplots/util/pgfplotscolormap.code.tex (c:/texlive/2024/texmf-dist/tex/generic/pgfplots/util/pgfplotscolor.code.tex)) (c:/texlive/2024/texmf-dist/tex/generic/pgfplots/pgfplotsstackedplots.code.tex) (c:/texlive/2024/texmf-dist/tex/generic/pgfplots/pgfplotsplothandlers.code.tex (c:/texlive/2024/texmf-dist/tex/generic/pgfplots/pgfplotsmeshplothandler.code.tex (c:/texlive/2024/texmf-dist/tex/generic/pgfplots/pgfplotsmeshplotimage.code.tex))) (c:/texlive/2024/texmf-dist/tex/generic/pgfplots/pgfplots.scaling.code.tex) (c:/texlive/2024/texmf-dist/tex/generic/pgfplots/pgfplotscoordprocessing.code.tex) (c:/texlive/2024/texmf-dist/tex/generic/pgfplots/pgfplots.errorbars.code.tex) (c:/texlive/2024/texmf-dist/tex/generic/pgfplots/pgfplots.markers.code.tex) (c:/texlive/2024/texmf-dist/tex/generic/pgfplots/pgfplotsticks.code.tex) (c:/texlive/2024/texmf-dist/tex/generic/pgfplots/pgfplots.paths.code.tex) (c:/texlive/2024/texmf-dist/tex/generic/pgf/frontendlayer/tikz/libraries/tikzlibrarydecorations.code.tex (c:/texlive/2024/texmf-dist/tex/generic/pgf/modules/pgfmoduledecorations.code.tex
\pgfdecoratedcompleteddistance=\dimen312
\pgfdecoratedremainingdistance=\dimen313
\pgfdecoratedinputsegmentcompleteddistance=\dimen314
\pgfdecoratedinputsegmentremainingdistance=\dimen315
\pgf@decorate@distancetomove=\dimen316
\pgf@decorate@repeatstate=\count385
\pgfdecorationsegmentamplitude=\dimen317
\pgfdecorationsegmentlength=\dimen318
)
\tikz@lib@dec@box=\box84
) (c:/texlive/2024/texmf-dist/tex/generic/pgf/frontendlayer/tikz/libraries/tikzlibrarydecorations.pathmorphing.code.tex (c:/texlive/2024/texmf-dist/tex/generic/pgf/libraries/decorations/pgflibrarydecorations.pathmorphing.code.tex)) (c:/texlive/2024/texmf-dist/tex/generic/pgf/frontendlayer/tikz/libraries/tikzlibrarydecorations.pathreplacing.code.tex (c:/texlive/2024/texmf-dist/tex/generic/pgf/libraries/decorations/pgflibrarydecorations.pathreplacing.code.tex)) (c:/texlive/2024/texmf-dist/tex/generic/pgfplots/libs/tikzlibrarypgfplots.contourlua.code.tex)
\pgfplots@numplots=\count386
\pgfplots@xmin@reg=\dimen319
\pgfplots@xmax@reg=\dimen320
\pgfplots@ymin@reg=\dimen321
\pgfplots@ymax@reg=\dimen322
\pgfplots@zmin@reg=\dimen323
\pgfplots@zmax@reg=\dimen324
) (c:/texlive/2024/texmf-dist/tex/generic/pgf/frontendlayer/tikz/libraries/tikzlibraryplotmarks.code.tex
File: tikzlibraryplotmarks.code.tex 2023-01-15 v3.1.10 (3.1.10)
 (c:/texlive/2024/texmf-dist/tex/generic/pgf/libraries/pgflibraryplotmarks.code.tex
File: pgflibraryplotmarks.code.tex 2023-01-15 v3.1.10 (3.1.10)
)))
\c@cntsideways=\count387
 (./pustaka/tanda-hubung.tex) (./main.aux)
\openout1 = `main.aux'.

LaTeX Font Info:    Checking defaults for OML/cmm/m/it on input line 166.
LaTeX Font Info:    ... okay on input line 166.
LaTeX Font Info:    Checking defaults for OMS/cmsy/m/n on input line 166.
LaTeX Font Info:    ... okay on input line 166.
LaTeX Font Info:    Checking defaults for OT1/cmr/m/n on input line 166.
LaTeX Font Info:    ... okay on input line 166.
LaTeX Font Info:    Checking defaults for T1/cmr/m/n on input line 166.
LaTeX Font Info:    ... okay on input line 166.
LaTeX Font Info:    Checking defaults for TS1/cmr/m/n on input line 166.
LaTeX Font Info:    ... okay on input line 166.
LaTeX Font Info:    Checking defaults for TU/lmr/m/n on input line 166.
LaTeX Font Info:    ... okay on input line 166.
LaTeX Font Info:    Checking defaults for OMX/cmex/m/n on input line 166.
LaTeX Font Info:    ... okay on input line 166.
LaTeX Font Info:    Checking defaults for U/cmr/m/n on input line 166.
LaTeX Font Info:    ... okay on input line 166.
LaTeX Font Info:    Checking defaults for PD1/pdf/m/n on input line 166.
LaTeX Font Info:    ... okay on input line 166.
LaTeX Font Info:    Checking defaults for PU/pdf/m/n on input line 166.
LaTeX Font Info:    ... okay on input line 166.

*geometry* driver: auto-detecting
*geometry* detected driver: xetex
*geometry* verbose mode - [ preamble ] result:
* driver: xetex
* paper: a4paper
* layout: <same size as paper>
* layoutoffset:(h,v)=(0.0pt,0.0pt)
* modes: twoside 
* h-part:(L,W,R)=(71.13188pt, 455.24411pt, 71.13188pt)
* v-part:(T,H,B)=(71.13188pt, 702.78308pt, 71.13188pt)
* \paperwidth=597.50787pt
* \paperheight=845.04684pt
* \textwidth=455.24411pt
* \textheight=702.78308pt
* \oddsidemargin=-1.1381pt
* \evensidemargin=-1.1381pt
* \topmargin=-33.0119pt
* \headheight=12.0pt
* \headsep=19.8738pt
* \topskip=12.0pt
* \footskip=30.0pt
* \marginparwidth=98.0pt
* \marginparsep=7.0pt
* \columnsep=10.0pt
* \skip\footins=10.8pt plus 4.0pt minus 2.0pt
* \hoffset=0.0pt
* \voffset=0.0pt
* \mag=1000
* \@twocolumnfalse
* \@twosidetrue
* \@mparswitchtrue
* \@reversemarginfalse
* (1in=72.27pt=25.4mm, 1cm=28.453pt)


Package fontspec Info: 
(fontspec)             Adjusting the maths setup (use [no-math] to avoid
(fontspec)             this).

\symlegacymaths=\mathgroup4
LaTeX Font Info:    Overwriting symbol font `legacymaths' in version `bold'
(Font)                  OT1/cmr/m/n --> OT1/cmr/bx/n on input line 166.
LaTeX Font Info:    Redeclaring math accent \acute on input line 166.
LaTeX Font Info:    Redeclaring math accent \grave on input line 166.
LaTeX Font Info:    Redeclaring math accent \ddot on input line 166.
LaTeX Font Info:    Redeclaring math accent \tilde on input line 166.
LaTeX Font Info:    Redeclaring math accent \bar on input line 166.
LaTeX Font Info:    Redeclaring math accent \breve on input line 166.
LaTeX Font Info:    Redeclaring math accent \check on input line 166.
LaTeX Font Info:    Redeclaring math accent \hat on input line 166.
LaTeX Font Info:    Redeclaring math accent \dot on input line 166.
LaTeX Font Info:    Redeclaring math accent \mathring on input line 166.
LaTeX Font Info:    Redeclaring math symbol \Gamma on input line 166.
LaTeX Font Info:    Redeclaring math symbol \Delta on input line 166.
LaTeX Font Info:    Redeclaring math symbol \Theta on input line 166.
LaTeX Font Info:    Redeclaring math symbol \Lambda on input line 166.
LaTeX Font Info:    Redeclaring math symbol \Xi on input line 166.
LaTeX Font Info:    Redeclaring math symbol \Pi on input line 166.
LaTeX Font Info:    Redeclaring math symbol \Sigma on input line 166.
LaTeX Font Info:    Redeclaring math symbol \Upsilon on input line 166.
LaTeX Font Info:    Redeclaring math symbol \Phi on input line 166.
LaTeX Font Info:    Redeclaring math symbol \Psi on input line 166.
LaTeX Font Info:    Redeclaring math symbol \Omega on input line 166.
LaTeX Font Info:    Redeclaring math symbol \mathdollar on input line 166.
LaTeX Font Info:    Redeclaring symbol font `operators' on input line 166.
LaTeX Font Info:    Encoding `OT1' has changed to `TU' for symbol font
(Font)              `operators' in the math version `normal' on input line 166.
LaTeX Font Info:    Overwriting symbol font `operators' in version `normal'
(Font)                  OT1/cmr/m/n --> TU/TimesNewRoman(0)/m/n on input line 166.
LaTeX Font Info:    Encoding `OT1' has changed to `TU' for symbol font
(Font)              `operators' in the math version `bold' on input line 166.
LaTeX Font Info:    Overwriting symbol font `operators' in version `bold'
(Font)                  OT1/cmr/bx/n --> TU/TimesNewRoman(0)/m/n on input line 166.
LaTeX Font Info:    Overwriting symbol font `operators' in version `normal'
(Font)                  TU/TimesNewRoman(0)/m/n --> TU/TimesNewRoman(0)/m/n on input line 166.
LaTeX Font Info:    Overwriting math alphabet `\mathit' in version `normal'
(Font)                  OT1/cmr/m/it --> TU/TimesNewRoman(0)/m/it on input line 166.
LaTeX Font Info:    Overwriting math alphabet `\mathbf' in version `normal'
(Font)                  OT1/cmr/bx/n --> TU/TimesNewRoman(0)/b/n on input line 166.
LaTeX Font Info:    Overwriting math alphabet `\mathsf' in version `normal'
(Font)                  OT1/cmss/m/n --> TU/lmss/m/n on input line 166.
LaTeX Font Info:    Overwriting math alphabet `\mathtt' in version `normal'
(Font)                  OT1/cmtt/m/n --> TU/lmtt/m/n on input line 166.
LaTeX Font Info:    Overwriting symbol font `operators' in version `bold'
(Font)                  TU/TimesNewRoman(0)/m/n --> TU/TimesNewRoman(0)/b/n on input line 166.
LaTeX Font Info:    Overwriting math alphabet `\mathit' in version `bold'
(Font)                  OT1/cmr/bx/it --> TU/TimesNewRoman(0)/b/it on input line 166.
LaTeX Font Info:    Overwriting math alphabet `\mathsf' in version `bold'
(Font)                  OT1/cmss/bx/n --> TU/lmss/b/n on input line 166.
LaTeX Font Info:    Overwriting math alphabet `\mathtt' in version `bold'
(Font)                  OT1/cmtt/m/n --> TU/lmtt/b/n on input line 166.
Package hyperref Info: Link coloring OFF on input line 166.
(./main.out) (./main.out)
\@outlinefile=\write5
\openout5 = `main.out'.

Package caption Info: Begin \AtBeginDocument code.
Package caption Info: changepage package is loaded.
\caption@adjustwidth@hsize=\dimen325
\caption@adjustwidth@linewidth=\dimen326
Package caption Info: float package is loaded.
Package caption Info: listings package is loaded.
Package caption Info: longtable package is loaded.
 (c:/texlive/2024/texmf-dist/tex/latex/caption/ltcaption.sty
Package: ltcaption 2021/01/08 v1.4c longtable captions (AR)
)
Package caption Info: rotating package is loaded.
Package caption Info: wrapfig package is loaded.
Package caption Info: End \AtBeginDocument code.
\c@lstlisting=\count388

Package pgfplots notification 'compat/show suggested version=true': document has been generated with the most recent feature set (\pgfplotsset{compat=1.18}).

File: lainnya/sampul_luar3.pdf Graphic file (type pdf)
<use lainnya/sampul_luar3.pdf>
File: lainnya/sampul_luar3.pdf Graphic file (type pdf)
<use lainnya/sampul_luar3.pdf>
File: lainnya/sampul_luar3.pdf Graphic file (type pdf)
<use lainnya/sampul_luar3.pdf, page 1>
File: lainnya/sampul_luar3.pdf Graphic file (type pdf)
<use lainnya/sampul_luar3.pdf, page 1>
File: lainnya/sampul_luar3.pdf Graphic file (type pdf)
<use lainnya/sampul_luar3.pdf, page 1>
File: lainnya/sampul_luar3.pdf Graphic file (type pdf)
<use lainnya/sampul_luar3.pdf, page 1>


File: lainnya/sampul_luar3.pdf Graphic file (type pdf)
<use lainnya/sampul_luar3.pdf, page 1>
[1



]

[2

]
File: lainnya/sampul_dalam_id3.pdf Graphic file (type pdf)
<use lainnya/sampul_dalam_id3.pdf>
File: lainnya/sampul_dalam_id3.pdf Graphic file (type pdf)
<use lainnya/sampul_dalam_id3.pdf>
File: lainnya/sampul_dalam_id3.pdf Graphic file (type pdf)
<use lainnya/sampul_dalam_id3.pdf, page 1>
File: lainnya/sampul_dalam_id3.pdf Graphic file (type pdf)
<use lainnya/sampul_dalam_id3.pdf, page 1>
File: lainnya/sampul_dalam_id3.pdf Graphic file (type pdf)
<use lainnya/sampul_dalam_id3.pdf, page 1>
File: lainnya/sampul_dalam_id3.pdf Graphic file (type pdf)
<use lainnya/sampul_dalam_id3.pdf, page 1>


File: lainnya/sampul_dalam_id3.pdf Graphic file (type pdf)
<use lainnya/sampul_dalam_id3.pdf, page 1>
[3

]

[4

]
File: lainnya/sampul_dalam_en2.pdf Graphic file (type pdf)
<use lainnya/sampul_dalam_en2.pdf>
File: lainnya/sampul_dalam_en2.pdf Graphic file (type pdf)
<use lainnya/sampul_dalam_en2.pdf>
File: lainnya/sampul_dalam_en2.pdf Graphic file (type pdf)
<use lainnya/sampul_dalam_en2.pdf, page 1>
File: lainnya/sampul_dalam_en2.pdf Graphic file (type pdf)
<use lainnya/sampul_dalam_en2.pdf, page 1>
File: lainnya/sampul_dalam_en2.pdf Graphic file (type pdf)
<use lainnya/sampul_dalam_en2.pdf, page 1>
File: lainnya/sampul_dalam_en2.pdf Graphic file (type pdf)
<use lainnya/sampul_dalam_en2.pdf, page 1>


File: lainnya/sampul_dalam_en2.pdf Graphic file (type pdf)
<use lainnya/sampul_dalam_en2.pdf, page 1>
[5

]

[6

]
File: lainnya/lembar_pengesahan.pdf Graphic file (type pdf)
<use lainnya/lembar_pengesahan.pdf>
File: lainnya/lembar_pengesahan.pdf Graphic file (type pdf)
<use lainnya/lembar_pengesahan.pdf>
File: lainnya/lembar_pengesahan.pdf Graphic file (type pdf)
<use lainnya/lembar_pengesahan.pdf, page 1>
File: lainnya/lembar_pengesahan.pdf Graphic file (type pdf)
<use lainnya/lembar_pengesahan.pdf, page 1>
File: lainnya/lembar_pengesahan.pdf Graphic file (type pdf)
<use lainnya/lembar_pengesahan.pdf, page 1>
File: lainnya/lembar_pengesahan.pdf Graphic file (type pdf)
<use lainnya/lembar_pengesahan.pdf, page 1>


File: lainnya/lembar_pengesahan.pdf Graphic file (type pdf)
<use lainnya/lembar_pengesahan.pdf, page 1>
[7

]

[8

]
File: lainnya/approval_sheet.pdf Graphic file (type pdf)
<use lainnya/approval_sheet.pdf>
File: lainnya/approval_sheet.pdf Graphic file (type pdf)
<use lainnya/approval_sheet.pdf>
File: lainnya/approval_sheet.pdf Graphic file (type pdf)
<use lainnya/approval_sheet.pdf, page 1>
File: lainnya/approval_sheet.pdf Graphic file (type pdf)
<use lainnya/approval_sheet.pdf, page 1>
File: lainnya/approval_sheet.pdf Graphic file (type pdf)
<use lainnya/approval_sheet.pdf, page 1>
File: lainnya/approval_sheet.pdf Graphic file (type pdf)
<use lainnya/approval_sheet.pdf, page 1>


File: lainnya/approval_sheet.pdf Graphic file (type pdf)
<use lainnya/approval_sheet.pdf, page 1>
[9

]

[10

]
File: lainnya/pernyataan_originalitas.pdf Graphic file (type pdf)
<use lainnya/pernyataan_originalitas.pdf>
File: lainnya/pernyataan_originalitas.pdf Graphic file (type pdf)
<use lainnya/pernyataan_originalitas.pdf>
File: lainnya/pernyataan_originalitas.pdf Graphic file (type pdf)
<use lainnya/pernyataan_originalitas.pdf, page 1>
File: lainnya/pernyataan_originalitas.pdf Graphic file (type pdf)
<use lainnya/pernyataan_originalitas.pdf, page 1>
File: lainnya/pernyataan_originalitas.pdf Graphic file (type pdf)
<use lainnya/pernyataan_originalitas.pdf, page 1>
File: lainnya/pernyataan_originalitas.pdf Graphic file (type pdf)
<use lainnya/pernyataan_originalitas.pdf, page 1>


File: lainnya/pernyataan_originalitas.pdf Graphic file (type pdf)
<use lainnya/pernyataan_originalitas.pdf, page 1>
[11

]

[12

]
File: lainnya/statement_of_originality.pdf Graphic file (type pdf)
<use lainnya/statement_of_originality.pdf>
File: lainnya/statement_of_originality.pdf Graphic file (type pdf)
<use lainnya/statement_of_originality.pdf>
File: lainnya/statement_of_originality.pdf Graphic file (type pdf)
<use lainnya/statement_of_originality.pdf, page 1>
File: lainnya/statement_of_originality.pdf Graphic file (type pdf)
<use lainnya/statement_of_originality.pdf, page 1>
File: lainnya/statement_of_originality.pdf Graphic file (type pdf)
<use lainnya/statement_of_originality.pdf, page 1>
File: lainnya/statement_of_originality.pdf Graphic file (type pdf)
<use lainnya/statement_of_originality.pdf, page 1>


File: lainnya/statement_of_originality.pdf Graphic file (type pdf)
<use lainnya/statement_of_originality.pdf, page 1>
[13

]

[14

] (./abstrak/abstrak-id.tex)

[15]

[16

] (./abstrak/abstrak-en.tex)

[17]

[18

] (./lainnya/kata-pengantar.tex)

[19]

[20

] (./main.toc
Underfull \vbox (badness 10000) has occurred while \output is active []



[21])
\tf@toc=\write6
\openout6 = `main.toc'.



[22] (./main.lof

[23

])
\tf@lof=\write7
\openout7 = `main.lof'.



[24] (./main.lot)
\tf@lot=\write8
\openout8 = `main.lot'.



[25

]

[26

] (./bab/1-pendahuluan.tex
Bab 1.
(./bab/1-pendahuluan/1-latar-belakang.tex
File: grafik/gdp per unit energy consp v2.png Graphic file (type bmp)
<grafik/gdp per unit energy consp v2.png>
File: grafik/komposisi_konsumsi_energi.png Graphic file (type bmp)
<grafik/komposisi_konsumsi_energi.png>


[1


]
File: gambar/antriBBM-MBD.jpg Graphic file (type bmp)
<gambar/antriBBM-MBD.jpg>
) (./bab/1-pendahuluan/2-permasalahan.tex

[2]) (./bab/1-pendahuluan/4-tujuan.tex) (./bab/1-pendahuluan/5-batasan-masalah.tex

[3]))

[4] (./bab/2-tinjauan-pustaka.tex
Bab 2.
(./bab/2-tinjauan-pustaka/1-penelitian-terdahulu.tex) (./bab/2-tinjauan-pustaka/2-perancangan-kapal.tex
Underfull \vbox (badness 10000) has occurred while \output is active []



[5


]
File: gambar/ship design procedure.png Graphic file (type bmp)
<gambar/ship design procedure.png>


[6]

[7]
File: gambar/design-spiral.png Graphic file (type bmp)
<gambar/design-spiral.png>

Underfull \vbox (badness 2418) has occurred while \output is active []



[8]) (./bab/2-tinjauan-pustaka/3-simulasi-monte-carlo.tex

[9]
File: gambar/excel-carlo.jpg Graphic file (type bmp)
<gambar/excel-carlo.jpg>
File: gambar/r-carlo.jpg Graphic file (type bmp)
<gambar/r-carlo.jpg>
) (./bab/2-tinjauan-pustaka/4-bbm.tex
File: gambar/BENSIN.jpg Graphic file (type bmp)
<gambar/BENSIN.jpg>

Underfull \vbox (badness 10000) has occurred while \output is active []



[10]

[11]
File: gambar/isibensin.jpg Graphic file (type bmp)
<gambar/isibensin.jpg>
File: gambar/Minyak-Berita-Maluku-Tengah-1-500x375.jpg Graphic file (type bmp)
<gambar/Minyak-Berita-Maluku-Tengah-1-500x375.jpg>


[12]
File: gambar/masak-minyak-tanah.jpg Graphic file (type bmp)
<gambar/masak-minyak-tanah.jpg>

Underfull \vbox (badness 10000) has occurred while \output is active []



[13]
File: gambar/mengisi-biosolar-di-spbu.jpg Graphic file (type bmp)
<gambar/mengisi-biosolar-di-spbu.jpg>
) (./bab/2-tinjauan-pustaka/5-teori-gerak-kapal.tex
Underfull \vbox (badness 10000) has occurred while \output is active []



[14]
File: gambar/vessel-degree-of-motion.jpeg Graphic file (type bmp)
<gambar/vessel-degree-of-motion.jpeg>


[15]

[16]
Underfull \vbox (badness 10000) has occurred while \output is active []



[17]) (./bab/2-tinjauan-pustaka/6-spektrum-gelombang.tex

[18]
Overfull \hbox (3.50165pt too wide) in paragraph at lines 25--26
[]\TU/TimesNewRoman(0)/m/n/12 dengan $\OML/cmm/m/it/12 T[]$ \TU/TimesNewRoman(0)/m/n/12 sebagai rentang waktu keseluruhan proses. $\OML/cmm/m/it/12 A[]$ \TU/TimesNewRoman(0)/m/n/12 dan $\OML/cmm/m/it/12 B[]$ \TU/TimesNewRoman(0)/m/n/12 adalah koefisien-koefisien
 []


Underfull \vbox (badness 10000) has occurred while \output is active []



[19]
File: gambar/pembentukan-gelombang-acak.jpg Graphic file (type bmp)
<gambar/pembentukan-gelombang-acak.jpg>

Underfull \vbox (badness 2088) has occurred while \output is active []



[20]
Underfull \vbox (badness 10000) has occurred while \output is active []



[21]))

[22] (./bab/3-metodologi.tex
Bab 3.
(./bab/3-metodologi/1-diagram-alir.tex
File: gambar/FC_TA_19-Jan.png Graphic file (type bmp)
<gambar/FC_TA_19-Jan.png>

Overfull \hbox (3.12817pt too wide) in paragraph at lines 9--10
 [][] 
 []

) (./bab/3-metodologi/2-tahap-persiapan.tex

[23


]) (./bab/3-metodologi/3-uji-hipotesis.tex
Underfull \vbox (badness 10000) has occurred while \output is active []



[24]) (./bab/3-metodologi/4-proses-simulasi.tex
File: gambar/FC_Simul.png Graphic file (type bmp)
<gambar/FC_Simul.png>


[25]
Underfull \vbox (badness 5622) has occurred while \output is active []



[26]
Underfull \vbox (badness 10000) has occurred while \output is active []



[27]) (./bab/3-metodologi/5-perancangan-kapal.tex
Underfull \vbox (badness 10000) has occurred while \output is active []



[28]
File: gambar/FC_Deskap.png Graphic file (type bmp)
<gambar/FC_Deskap.png>
) (./bab/3-metodologi/6-tahap-penutup.tex

[29]))

[30] (./bab/4-analisis-pembahasan.tex
Bab 4.
(./bab/4-analisis-pembahasan/1-gambaran-umum.tex
File: gambar/administrasi-maluku-barat-daya-a1.jpg Graphic file (type bmp)
<gambar/administrasi-maluku-barat-daya-a1.jpg>
File: gambar/rasio-psokan-bbm-mbd.png Graphic file (type bmp)
<gambar/rasio-psokan-bbm-mbd.png>


[31


]
Overfull \hbox (26.72382pt too wide) in paragraph at lines 30--50
 [][] 
 []

File: gambar/cons-bbm-tepa.png Graphic file (type bmp)
<gambar/cons-bbm-tepa.png>
File: gambar/cons-bbm-lakor.png Graphic file (type bmp)
<gambar/cons-bbm-lakor.png>
File: gambar/cons-bbm-letti.png Graphic file (type bmp)
<gambar/cons-bbm-letti.png>
File: gambar/cons-bbm-romang.png Graphic file (type bmp)
<gambar/cons-bbm-romang.png>
File: gambar/cons-bbm-romang.png Graphic file (type bmp)
<gambar/cons-bbm-romang.png>

Underfull \vbox (badness 10000) has occurred while \output is active []



[32]
File: gambar/pasokan-konsumsi-BBM-MBD.png Graphic file (type bmp)
<gambar/pasokan-konsumsi-BBM-MBD.png>
File: gambar/rute-eksisting.png Graphic file (type bmp)
<gambar/rute-eksisting.png>
File: gambar/pemasokan-BBM-MBD.png Graphic file (type bmp)
<gambar/pemasokan-BBM-MBD.png>
) (./bab/4-analisis-pembahasan/2-bukti-hipotesis.tex
Underfull \vbox (badness 10000) has occurred while \output is active []



[33]

[34]
File: grafik/uji-heave-ori.jpg Graphic file (type bmp)
<grafik/uji-heave-ori.jpg>
File: grafik/uji-roll-ori.jpg Graphic file (type bmp)
<grafik/uji-roll-ori.jpg>
File: grafik/uji-pitch-ori.jpg Graphic file (type bmp)
<grafik/uji-pitch-ori.jpg>
File: grafik/uji-pitch-spob.jpg Graphic file (type bmp)
<grafik/uji-pitch-spob.jpg>
File: grafik/uji-pitch-spob2.jpg Graphic file (type bmp)
<grafik/uji-pitch-spob2.jpg>
File: grafik/uji-heave-spob.jpg Graphic file (type bmp)
<grafik/uji-heave-spob.jpg>
File: grafik/uji-heave-spob2.jpg Graphic file (type bmp)
<grafik/uji-heave-spob2.jpg>
File: grafik/uji-roll-spob.jpg Graphic file (type bmp)
<grafik/uji-roll-spob.jpg>
File: grafik/uji-roll-spob2.jpg Graphic file (type bmp)
<grafik/uji-roll-spob2.jpg>


[35]) (./bab/4-analisis-pembahasan/3-supply-side.tex
Underfull \vbox (badness 2351) has occurred while \output is active []



[36]

[37]
File: grafik/distribusi-gelombang-kabupaten-mbd.jpg Graphic file (type bmp)
<grafik/distribusi-gelombang-kabupaten-mbd.jpg>
File: gambar/rute-baru.png Graphic file (type bmp)
<gambar/rute-baru.png>
) (./bab/4-analisis-pembahasan/4-hasil-simulasi-optimasi.tex

[38]
Underfull \vbox (badness 10000) has occurred while \output is active []



[39]
File: grafik/biaya-tahunan-baru.jpg Graphic file (type bmp)
<grafik/biaya-tahunan-baru.jpg>
File: grafik/biaya-tahunan-baru-tangki.jpg Graphic file (type bmp)
<grafik/biaya-tahunan-baru-tangki.jpg>


[40]
File: grafik/frekuensi-baru.jpg Graphic file (type bmp)
<grafik/frekuensi-baru.jpg>
File: grafik/frekuensi-baru-tangki.jpg Graphic file (type bmp)
<grafik/frekuensi-baru-tangki.jpg>
File: grafik/minus-bbm-baru.jpg Graphic file (type bmp)
<grafik/minus-bbm-baru.jpg>
File: grafik/minus-bbm-baru-tangki.jpg Graphic file (type bmp)
<grafik/minus-bbm-baru-tangki.jpg>


[41]
File: grafik/load-factor-baru-tangki.jpg Graphic file (type bmp)
<grafik/load-factor-baru-tangki.jpg>
) (./bab/4-analisis-pembahasan/5-perancangan-kapal.tex
Underfull \vbox (badness 4291) has occurred while \output is active []



[42]

[43]
Underfull \vbox (badness 1308) has occurred while \output is active []



[44]
File: grafik/kurva-stabilitas-new.jpg Graphic file (type bmp)
<grafik/kurva-stabilitas-new.jpg>


[45]
File: grafik/batasan-pitch-new.jpg Graphic file (type bmp)
<grafik/batasan-pitch-new.jpg>
File: grafik/batasan-heave-new.jpg Graphic file (type bmp)
<grafik/batasan-heave-new.jpg>
File: grafik/batasan-roll-new.jpg Graphic file (type bmp)
<grafik/batasan-roll-new.jpg>
File: gambar/Lines Plan 22 Ujil 03 48_page-0001(1).jpg Graphic file (type bmp)
<gambar/Lines Plan 22 Ujil 03 48_page-0001(1).jpg>
File: gambar/GA 22 Juli 03 45_page-0001(1).jpg Graphic file (type bmp)
<gambar/GA 22 Juli 03 45_page-0001(1).jpg>
) (./bab/4-analisis-pembahasan/6-analisis-kesenjangan.tex

[46]

[47]
File: grafik/minus-bbm-all.jpg Graphic file (type bmp)
<grafik/minus-bbm-all.jpg>
File: grafik/total-cost-all.jpg Graphic file (type bmp)
<grafik/total-cost-all.jpg>
File: grafik/element-cost-new.jpg Graphic file (type bmp)
<grafik/element-cost-new.jpg>


[48]))

[49]

[50

] (./bab/5-penutup.tex
Bab 5.
(./bab/5-penutup/1-kesimpulan.tex) (./bab/5-penutup/2-saran.tex))

[51

]

[52

] (./main.bbl

[53

]
Underfull \hbox (badness 6380) in paragraph at lines 156--159
[]\TU/TimesNewRoman(0)/m/n/12 Syofiadi, R. (2024).  Sepanjang 2023, Pemerintah Melalui PMN Terangi 76.900
 []


Underfull \hbox (badness 6396) in paragraph at lines 156--159
\TU/TimesNewRoman(0)/m/n/12 Desa Kelurahan di Seluruh Indonesia dengan Listrik PLN - PT PLN (Persero).
 []


Underfull \hbox (badness 10000) in paragraph at lines 156--159
\TU/TimesNewRoman(0)/m/n/12 https://web.pln.co.id/cms/media/siaran-pers/2024/01/sepanjang-2023-pemerintah-melalui-
 []

)

[54] (./lampiran/lampiran-a.tex
File: grafik/minus-bensin-saat-ini.jpg Graphic file (type bmp)
<grafik/minus-bensin-saat-ini.jpg>
File: grafik/minus-solar-saat-ini.jpg Graphic file (type bmp)
<grafik/minus-solar-saat-ini.jpg>
File: grafik/minus-mt-saat-ini.jpg Graphic file (type bmp)
<grafik/minus-mt-saat-ini.jpg>
File: grafik/biaya-tahunan-saat-ini.jpg Graphic file (type bmp)
<grafik/biaya-tahunan-saat-ini.jpg>
File: grafik/biaya-publik-saat-ini.jpg Graphic file (type bmp)
<grafik/biaya-publik-saat-ini.jpg>
File: grafik/kurva-gz-spob.jpg Graphic file (type bmp)
<grafik/kurva-gz-spob.jpg>
File: grafik/contoh-hasil-simulasi.jpg Graphic file (type bmp)
<grafik/contoh-hasil-simulasi.jpg>


[55



]
File: grafik/tabel-pemuatan-1.jpg Graphic file (type bmp)
<grafik/tabel-pemuatan-1.jpg>
File: grafik/tabel-pemuatan-2.jpg Graphic file (type bmp)
<grafik/tabel-pemuatan-2.jpg>
File: lampiran/deskap-1.jpg Graphic file (type bmp)
<lampiran/deskap-1.jpg>
File: lampiran/deskap-2.jpg Graphic file (type bmp)
<lampiran/deskap-2.jpg>
File: lampiran/deskap-3.jpg Graphic file (type bmp)
<lampiran/deskap-3.jpg>
File: lampiran/deskap-4.jpg Graphic file (type bmp)
<lampiran/deskap-4.jpg>
File: lampiran/deskap-5.jpg Graphic file (type bmp)
<lampiran/deskap-5.jpg>
File: lampiran/deskap-6.jpg Graphic file (type bmp)
<lampiran/deskap-6.jpg>
File: lampiran/deskap-7.jpg Graphic file (type bmp)
<lampiran/deskap-7.jpg>
File: lampiran/deskap-8.jpg Graphic file (type bmp)
<lampiran/deskap-8.jpg>
File: lampiran/deskap-9.jpg Graphic file (type bmp)
<lampiran/deskap-9.jpg>
File: lampiran/deskap-10.jpg Graphic file (type bmp)
<lampiran/deskap-10.jpg>
File: lampiran/deskap-11.jpg Graphic file (type bmp)
<lampiran/deskap-11.jpg>
File: lampiran/tabel-stok-simu.jpg Graphic file (type bmp)
<lampiran/tabel-stok-simu.jpg>
File: lampiran/tabel-konsumsi-simu.jpg Graphic file (type bmp)
<lampiran/tabel-konsumsi-simu.jpg>
File: lampiran/tabel-pasokan-simu.jpg Graphic file (type bmp)
<lampiran/tabel-pasokan-simu.jpg>
File: lampiran/summary-now.jpg Graphic file (type bmp)
<lampiran/summary-now.jpg>
File: lampiran/summary-no-tangki.jpg Graphic file (type bmp)
<lampiran/summary-no-tangki.jpg>
File: lampiran/summary-tangki.jpg Graphic file (type bmp)
<lampiran/summary-tangki.jpg>
)

[56]

[57]

[58]

[59]

[60]

[61]

[62]

[63]

[64]

[65]

[66]

[67]

[68]

[69]

[70]

[71]

[72]

[73]

[74]

[75]

[76] (./lainnya/biodata-penulis.tex
File: kep_yudisium/crop 34.jpg Graphic file (type bmp)
<kep_yudisium/crop 34.jpg>

Underfull \hbox (badness 10000) in paragraph at lines 5--7
[][]
 []

)

[77


] (./main.aux)
 ***********
LaTeX2e <2024-11-01> patch level 1
L3 programming layer <2020/03/25>
 ***********
Package rerunfilecheck Info: File `main.out' has not changed.
(rerunfilecheck)             Checksum: 74DE30F4A3516C2C49F61DB73C679106;16487.
 ) 
Here is how much of TeX's memory you used:
 42020 strings out of 473884
 990381 string characters out of 5734746
 1643573 words of memory out of 5000000
 63968 multiletter control sequences out of 15000+600000
 562298 words of font info for 79 fonts, out of 8000000 for 9000
 1507 hyphenation exceptions out of 8191
 96i,17n,101p,1336b,624s stack positions out of 10000i,1000n,20000p,200000b,200000s

Output written on main.xdv (103 pages, 1251280 bytes).
