\BOOKMARK [0][-]{section*.4}{\376\377\000L\000E\000M\000B\000A\000R\000\040\000P\000E\000N\000G\000E\000S\000A\000H\000A\000N}{}% 1
\BOOKMARK [0][-]{section*.5}{\376\377\000P\000E\000R\000N\000Y\000A\000T\000A\000A\000N\000\040\000O\000R\000I\000S\000I\000N\000A\000L\000I\000T\000A\000S}{}% 2
\BOOKMARK [0][-]{section*.6}{\376\377\000A\000B\000S\000T\000R\000A\000K}{}% 3
\BOOKMARK [0][-]{section*.7}{\376\377\000A\000B\000S\000T\000R\000A\000C\000T}{}% 4
\BOOKMARK [0][-]{section*.8}{\376\377\000K\000A\000T\000A\000\040\000P\000E\000N\000G\000A\000N\000T\000A\000R}{}% 5
\BOOKMARK [0][-]{section*.8}{\376\377\000D\000A\000F\000T\000A\000R\000\040\000I\000S\000I}{}% 6
\BOOKMARK [0][-]{section*.8}{\376\377\000D\000A\000F\000T\000A\000R\000\040\000G\000A\000M\000B\000A\000R}{}% 7
\BOOKMARK [0][-]{section*.8}{\376\377\000D\000a\000f\000t\000a\000r\000\040\000T\000a\000b\000e\000l}{}% 8
\BOOKMARK [0][-]{chapter.1}{\376\377\0001\000\040\000P\000E\000N\000D\000A\000H\000U\000L\000U\000A\000N}{}% 9
\BOOKMARK [1][-]{section.1.1}{\376\377\0001\000.\0001\000\040\000L\000a\000t\000a\000r\000\040\000B\000e\000l\000a\000k\000a\000n\000g}{chapter.1}% 10
\BOOKMARK [1][-]{section.1.2}{\376\377\0001\000.\0002\000\040\000R\000u\000m\000u\000s\000a\000n\000\040\000M\000a\000s\000a\000l\000a\000h}{chapter.1}% 11
\BOOKMARK [1][-]{section.1.3}{\376\377\0001\000.\0003\000\040\000T\000u\000j\000u\000a\000n}{chapter.1}% 12
\BOOKMARK [1][-]{section.1.4}{\376\377\0001\000.\0004\000\040\000B\000a\000t\000a\000s\000a\000n\000\040\000M\000a\000s\000a\000l\000a\000h}{chapter.1}% 13
\BOOKMARK [0][-]{chapter.2}{\376\377\0002\000\040\000T\000I\000N\000J\000A\000U\000A\000N\000\040\000P\000U\000S\000T\000A\000K\000A}{}% 14
\BOOKMARK [1][-]{section.2.1}{\376\377\0002\000.\0001\000\040\000P\000e\000n\000e\000l\000i\000t\000i\000a\000n\000\040\000T\000e\000r\000k\000a\000i\000t}{chapter.2}% 15
\BOOKMARK [1][-]{section.2.2}{\376\377\0002\000.\0002\000\040\000P\000e\000r\000a\000n\000c\000a\000n\000g\000a\000n\000\040\000K\000a\000p\000a\000l}{chapter.2}% 16
\BOOKMARK [2][-]{subsection.2.2.1}{\376\377\0002\000.\0002\000.\0001\000\040\000S\000e\000j\000a\000r\000a\000h\000\040\000S\000i\000n\000g\000k\000a\000t\000\040\000P\000e\000r\000a\000n\000c\000a\000n\000g\000a\000n\000\040\000K\000a\000p\000a\000l}{section.2.2}% 17
\BOOKMARK [2][-]{subsection.2.2.2}{\376\377\0002\000.\0002\000.\0002\000\040\000T\000a\000h\000a\000p\000a\000n\000\040\000U\000t\000a\000m\000a\000\040\000P\000e\000r\000a\000n\000c\000a\000n\000g\000a\000n\000\040\000K\000a\000p\000a\000l}{section.2.2}% 18
\BOOKMARK [2][-]{subsection.2.2.3}{\376\377\0002\000.\0002\000.\0003\000\040\000T\000u\000j\000u\000a\000n\000\040\000d\000a\000r\000i\000\040\000P\000r\000e\000l\000i\000m\000i\000n\000a\000r\000y\000\040\000D\000e\000s\000i\000g\000n}{section.2.2}% 19
\BOOKMARK [2][-]{subsection.2.2.4}{\376\377\0002\000.\0002\000.\0004\000\040\000P\000r\000o\000s\000e\000d\000u\000r\000\040\000P\000e\000r\000a\000n\000c\000a\000n\000g\000a\000n\000\040\000K\000a\000p\000a\000l}{section.2.2}% 20
\BOOKMARK [1][-]{section.2.3}{\376\377\0002\000.\0003\000\040\000S\000i\000m\000u\000l\000a\000s\000i\000\040\000M\000o\000n\000t\000e\000\040\000C\000a\000r\000l\000o}{chapter.2}% 21
\BOOKMARK [1][-]{section.2.4}{\376\377\0002\000.\0004\000\040\000B\000a\000h\000a\000n\000\040\000B\000a\000k\000a\000r\000\040\000M\000i\000n\000y\000a\000k}{chapter.2}% 22
\BOOKMARK [2][-]{subsection.2.4.1}{\376\377\0002\000.\0004\000.\0001\000\040\000B\000e\000n\000s\000i\000n}{section.2.4}% 23
\BOOKMARK [2][-]{subsection.2.4.2}{\376\377\0002\000.\0004\000.\0002\000\040\000M\000i\000n\000y\000a\000k\000\040\000T\000a\000n\000a\000h}{section.2.4}% 24
\BOOKMARK [2][-]{subsection.2.4.3}{\376\377\0002\000.\0004\000.\0003\000\040\000S\000o\000l\000a\000r}{section.2.4}% 25
\BOOKMARK [1][-]{section.2.5}{\376\377\0002\000.\0005\000\040\000T\000e\000o\000r\000i\000\040\000G\000e\000r\000a\000k\000\040\000K\000a\000p\000a\000l}{chapter.2}% 26
\BOOKMARK [2][-]{subsection.2.5.1}{\376\377\0002\000.\0005\000.\0001\000\040\000M\000a\000c\000a\000m\000-\000M\000a\000c\000a\000m\000\040\000G\000e\000r\000a\000k\000a\000n\000\040\000K\000a\000p\000a\000l}{section.2.5}% 27
\BOOKMARK [2][-]{subsection.2.5.2}{\376\377\0002\000.\0005\000.\0002\000\040\000F\000r\000e\000k\000u\000e\000n\000s\000i\000\040\000A\000l\000a\000m\000i\000\040\000B\000a\000n\000g\000u\000n\000a\000n\000\040\000L\000a\000u\000t}{section.2.5}% 28
\BOOKMARK [2][-]{subsection.2.5.3}{\376\377\0002\000.\0005\000.\0003\000\040\000K\000r\000i\000t\000e\000r\000i\000a\000\040\000S\000e\000a\000k\000e\000e\000p\000i\000n\000g\000\040\000K\000a\000p\000a\000l}{section.2.5}% 29
\BOOKMARK [1][-]{section.2.6}{\376\377\0002\000.\0006\000\040\000S\000p\000e\000k\000t\000r\000u\000m\000\040\000G\000e\000l\000o\000m\000b\000a\000n\000g}{chapter.2}% 30
\BOOKMARK [2][-]{subsection.2.6.1}{\376\377\0002\000.\0006\000.\0001\000\040\000A\000n\000a\000l\000i\000s\000i\000s\000\040\000F\000o\000u\000r\000i\000e\000r}{section.2.6}% 31
\BOOKMARK [2][-]{subsection.2.6.2}{\376\377\0002\000.\0006\000.\0002\000\040\000B\000r\000e\000t\000s\000c\000h\000n\000e\000i\000d\000e\000r\000-\0001\0009\0005\0009}{section.2.6}% 32
\BOOKMARK [2][-]{subsection.2.6.3}{\376\377\0002\000.\0006\000.\0003\000\040\000J\000O\000N\000S\000W\000A\000P}{section.2.6}% 33
\BOOKMARK [0][-]{chapter.3}{\376\377\0003\000\040\000M\000E\000T\000O\000D\000O\000L\000O\000G\000I}{}% 34
\BOOKMARK [1][-]{section.3.1}{\376\377\0003\000.\0001\000\040\000D\000i\000a\000g\000r\000a\000m\000\040\000A\000l\000i\000r\000\040\000P\000e\000n\000e\000l\000i\000t\000i\000a\000n}{chapter.3}% 35
\BOOKMARK [1][-]{section.3.2}{\376\377\0003\000.\0002\000\040\000T\000a\000h\000a\000p\000\040\000P\000e\000r\000s\000i\000a\000p\000a\000n}{chapter.3}% 36
\BOOKMARK [1][-]{section.3.3}{\376\377\0003\000.\0003\000\040\000P\000e\000n\000g\000u\000j\000i\000a\000n\000\040\000H\000i\000p\000o\000t\000e\000s\000i\000s}{chapter.3}% 37
\BOOKMARK [2][-]{subsection.3.3.1}{\376\377\0003\000.\0003\000.\0001\000\040\000A\000n\000a\000l\000i\000s\000i\000s\000\040\000S\000e\000a\000k\000e\000e\000p\000i\000n\000g\000\040\000d\000a\000n\000\040\000S\000t\000a\000b\000i\000l\000i\000t\000a\000s}{section.3.3}% 38
\BOOKMARK [2][-]{subsection.3.3.2}{\376\377\0003\000.\0003\000.\0002\000\040\000S\000i\000m\000u\000l\000a\000s\000i\000\040\000P\000e\000m\000a\000s\000o\000k\000a\000n\000\040\000B\000B\000M}{section.3.3}% 39
\BOOKMARK [2][-]{subsection.3.3.3}{\376\377\0003\000.\0003\000.\0003\000\040\000P\000e\000n\000e\000n\000t\000u\000a\000n\000\040\000B\000i\000a\000y\000a\000\040\000P\000u\000b\000l\000i\000k}{section.3.3}% 40
\BOOKMARK [1][-]{section.3.4}{\376\377\0003\000.\0004\000\040\000T\000a\000h\000a\000p\000\040\000S\000i\000m\000u\000l\000a\000s\000i\000\040\000d\000a\000n\000\040\000O\000p\000t\000i\000m\000a\000s\000i}{chapter.3}% 41
\BOOKMARK [2][-]{subsection.3.4.1}{\376\377\0003\000.\0004\000.\0001\000\040\000T\000a\000h\000a\000p\000\040\000S\000i\000m\000u\000l\000a\000s\000i}{section.3.4}% 42
\BOOKMARK [2][-]{subsection.3.4.2}{\376\377\0003\000.\0004\000.\0002\000\040\000T\000a\000h\000a\000p\000\040\000O\000p\000t\000i\000m\000a\000s\000i}{section.3.4}% 43
\BOOKMARK [1][-]{section.3.5}{\376\377\0003\000.\0005\000\040\000T\000a\000h\000a\000p\000\040\000P\000e\000r\000a\000n\000c\000a\000n\000g\000a\000n\000\040\000K\000a\000p\000a\000l}{chapter.3}% 44
\BOOKMARK [1][-]{section.3.6}{\376\377\0003\000.\0006\000\040\000T\000a\000h\000a\000p\000\040\000P\000e\000n\000u\000t\000u\000p}{chapter.3}% 45
\BOOKMARK [0][-]{chapter.4}{\376\377\0004\000\040\000H\000A\000S\000I\000L\000\040\000D\000A\000N\000\040\000P\000E\000M\000B\000A\000H\000A\000S\000A\000N}{}% 46
\BOOKMARK [1][-]{section.4.1}{\376\377\0004\000.\0001\000\040\000G\000a\000m\000b\000a\000r\000a\000n\000\040\000U\000m\000u\000m}{chapter.4}% 47
\BOOKMARK [2][-]{subsection.4.1.1}{\376\377\0004\000.\0001\000.\0001\000\040\000M\000o\000d\000e\000l\000\040\000P\000e\000r\000m\000i\000n\000t\000a\000a\000n\000\040\000B\000B\000M\000\040\000K\000a\000b\000u\000p\000a\000t\000e\000n\000\040\000M\000a\000l\000u\000k\000u\000\040\000B\000a\000r\000a\000t\000\040\000D\000a\000y\000a}{section.4.1}% 48
\BOOKMARK [2][-]{subsection.4.1.2}{\376\377\0004\000.\0001\000.\0002\000\040\000S\000i\000s\000t\000e\000m\000\040\000P\000e\000n\000y\000a\000l\000u\000r\000a\000n\000\040\000B\000B\000M\000\040\000K\000a\000b\000u\000p\000a\000t\000e\000n\000\040\000M\000a\000l\000u\000k\000u\000\040\000B\000a\000r\000a\000t\000\040\000D\000a\000y\000a}{section.4.1}% 49
\BOOKMARK [1][-]{section.4.2}{\376\377\0004\000.\0002\000\040\000P\000e\000m\000b\000u\000k\000t\000i\000a\000n\000\040\000H\000i\000p\000o\000t\000e\000s\000i\000s}{chapter.4}% 50
\BOOKMARK [2][-]{subsection.4.2.1}{\376\377\0004\000.\0002\000.\0001\000\040\000P\000e\000n\000g\000a\000r\000u\000h\000\040\000U\000k\000u\000r\000a\000n\000\040\000U\000t\000a\000m\000a\000\040\000t\000e\000r\000h\000a\000d\000a\000p\000\040\000O\000p\000e\000r\000a\000s\000i\000o\000n\000a\000l\000\040\000K\000a\000p\000a\000l}{section.4.2}% 51
\BOOKMARK [2][-]{subsection.4.2.2}{\376\377\0004\000.\0002\000.\0002\000\040\000H\000a\000s\000i\000l\000\040\000U\000j\000i\000\040\000S\000e\000a\000k\000e\000e\000p\000i\000n\000g}{section.4.2}% 52
\BOOKMARK [2][-]{subsection.4.2.3}{\376\377\0004\000.\0002\000.\0003\000\040\000H\000a\000s\000i\000l\000\040\000S\000i\000m\000u\000l\000a\000s\000i\000\040\000P\000e\000m\000a\000s\000o\000k\000a\000n}{section.4.2}% 53
\BOOKMARK [1][-]{section.4.3}{\376\377\0004\000.\0003\000\040\000A\000n\000a\000l\000i\000s\000i\000s\000\040\000S\000i\000s\000i\000\040\000P\000a\000s\000o\000k\000a\000n}{chapter.4}% 54
\BOOKMARK [2][-]{subsection.4.3.1}{\376\377\0004\000.\0003\000.\0001\000\040\000B\000a\000t\000a\000s\000a\000n\000\040\000S\000a\000r\000a\000t\000\040\000P\000e\000l\000a\000b\000u\000h\000a\000n}{section.4.3}% 55
\BOOKMARK [2][-]{subsection.4.3.2}{\376\377\0004\000.\0003\000.\0002\000\040\000V\000a\000r\000i\000a\000s\000i\000\040\000D\000u\000r\000a\000s\000i\000\040\000G\000a\000n\000g\000g\000u\000a\000n\000\040\000C\000u\000a\000c\000a}{section.4.3}% 56
\BOOKMARK [2][-]{subsection.4.3.3}{\376\377\0004\000.\0003\000.\0003\000\040\000U\000s\000u\000l\000a\000n\000\040\000R\000u\000t\000e\000\040\000P\000e\000m\000a\000s\000o\000k\000a\000n\000\040\000B\000a\000r\000u}{section.4.3}% 57
\BOOKMARK [1][-]{section.4.4}{\376\377\0004\000.\0004\000\040\000H\000a\000s\000i\000l\000\040\000S\000i\000m\000u\000l\000a\000s\000i\000\040\000d\000a\000n\000\040\000O\000p\000t\000i\000m\000a\000s\000i}{chapter.4}% 58
\BOOKMARK [2][-]{subsection.4.4.1}{\376\377\0004\000.\0004\000.\0001\000\040\000U\000k\000u\000r\000a\000n\000\040\000U\000t\000a\000m\000a\000\040\000K\000a\000p\000a\000l\000\040\000T\000e\000r\000p\000i\000l\000i\000h}{section.4.4}% 59
\BOOKMARK [2][-]{subsection.4.4.2}{\376\377\0004\000.\0004\000.\0002\000\040\000D\000i\000s\000t\000r\000i\000b\000u\000s\000i\000\040\000E\000k\000s\000p\000e\000k\000t\000a\000s\000i\000\040\000B\000i\000a\000y\000a\000\040\000T\000a\000h\000u\000n\000a\000n}{section.4.4}% 60
\BOOKMARK [2][-]{subsection.4.4.3}{\376\377\0004\000.\0004\000.\0003\000\040\000A\000n\000a\000l\000i\000s\000i\000s\000\040\000K\000e\000m\000u\000n\000g\000k\000i\000n\000a\000n\000\040\000J\000u\000m\000l\000a\000h\000\040\000P\000e\000r\000j\000a\000l\000a\000n\000a\000n\000\040\000T\000a\000h\000u\000n\000a\000n}{section.4.4}% 61
\BOOKMARK [2][-]{subsection.4.4.4}{\376\377\0004\000.\0004\000.\0004\000\040\000A\000n\000a\000l\000i\000s\000i\000s\000\040\000K\000e\000m\000u\000n\000g\000k\000i\000n\000a\000n\000\040\000K\000e\000l\000a\000n\000g\000k\000a\000a\000n\000\040\000B\000B\000M}{section.4.4}% 62
\BOOKMARK [2][-]{subsection.4.4.5}{\376\377\0004\000.\0004\000.\0005\000\040\000P\000e\000r\000h\000i\000t\000u\000n\000g\000a\000n\000\040\000K\000e\000b\000u\000t\000u\000h\000a\000n\000\040\000T\000a\000n\000g\000k\000i\000\040\000T\000a\000m\000b\000a\000h\000a\000n}{section.4.4}% 63
\BOOKMARK [2][-]{subsection.4.4.6}{\376\377\0004\000.\0004\000.\0006\000\040\000A\000n\000a\000l\000i\000s\000i\000s\000\040\000L\000o\000a\000d\000\040\000F\000a\000c\000t\000o\000r\000\040\000K\000a\000p\000a\000l}{section.4.4}% 64
\BOOKMARK [1][-]{section.4.5}{\376\377\0004\000.\0005\000\040\000P\000e\000r\000a\000n\000c\000a\000n\000g\000a\000n\000\040\000K\000a\000p\000a\000l}{chapter.4}% 65
\BOOKMARK [2][-]{subsection.4.5.1}{\376\377\0004\000.\0005\000.\0001\000\040\000P\000e\000r\000h\000i\000t\000u\000n\000g\000a\000n\000\040\000K\000o\000e\000f\000i\000s\000i\000e\000n\000\040\000U\000t\000a\000m\000a\000\040\000K\000a\000p\000a\000l}{section.4.5}% 66
\BOOKMARK [2][-]{subsection.4.5.2}{\376\377\0004\000.\0005\000.\0002\000\040\000P\000e\000r\000h\000i\000t\000u\000n\000g\000a\000n\000\040\000H\000a\000m\000b\000a\000t\000a\000n}{section.4.5}% 67
\BOOKMARK [2][-]{subsection.4.5.3}{\376\377\0004\000.\0005\000.\0003\000\040\000P\000e\000r\000h\000i\000t\000u\000n\000g\000a\000n\000\040\000P\000r\000o\000p\000u\000l\000s\000i}{section.4.5}% 68
\BOOKMARK [2][-]{subsection.4.5.4}{\376\377\0004\000.\0005\000.\0004\000\040\000P\000e\000r\000h\000i\000t\000u\000n\000g\000a\000n\000\040\000D\000e\000a\000d\000w\000e\000i\000g\000h\000t\000\040\000K\000a\000p\000a\000l}{section.4.5}% 69
\BOOKMARK [2][-]{subsection.4.5.5}{\376\377\0004\000.\0005\000.\0005\000\040\000P\000e\000r\000h\000i\000t\000u\000n\000g\000a\000n\000\040\000L\000i\000g\000h\000t\000w\000e\000i\000g\000h\000t\000\040\000K\000a\000p\000a\000l}{section.4.5}% 70
\BOOKMARK [2][-]{subsection.4.5.6}{\376\377\0004\000.\0005\000.\0006\000\040\000P\000e\000r\000h\000i\000t\000u\000n\000g\000a\000n\000\040\000T\000o\000n\000a\000s\000e\000\040\000K\000a\000p\000a\000l}{section.4.5}% 71
\BOOKMARK [2][-]{subsection.4.5.7}{\376\377\0004\000.\0005\000.\0007\000\040\000P\000e\000r\000h\000i\000t\000u\000n\000g\000a\000n\000\040\000S\000t\000a\000b\000i\000l\000i\000t\000a\000s}{section.4.5}% 72
\BOOKMARK [2][-]{subsection.4.5.8}{\376\377\0004\000.\0005\000.\0008\000\040\000U\000j\000i\000\040\000S\000e\000a\000k\000e\000e\000p\000i\000n\000g\000\040\000K\000a\000p\000a\000l\000\040\000B\000a\000r\000u}{section.4.5}% 73
\BOOKMARK [2][-]{subsection.4.5.9}{\376\377\0004\000.\0005\000.\0009\000\040\000R\000e\000n\000c\000a\000n\000a\000\040\000G\000a\000r\000i\000s}{section.4.5}% 74
\BOOKMARK [2][-]{subsection.4.5.10}{\376\377\0004\000.\0005\000.\0001\0000\000\040\000R\000e\000n\000c\000a\000n\000a\000\040\000U\000m\000u\000m}{section.4.5}% 75
\BOOKMARK [1][-]{section.4.6}{\376\377\0004\000.\0006\000\040\000A\000n\000a\000l\000i\000s\000i\000s\000\040\000K\000e\000s\000e\000n\000j\000a\000n\000g\000a\000n}{chapter.4}% 76
\BOOKMARK [2][-]{subsection.4.6.1}{\376\377\0004\000.\0006\000.\0001\000\040\000P\000o\000t\000e\000n\000s\000i\000\040\000P\000e\000r\000m\000i\000n\000t\000a\000a\000n\000\040\000B\000B\000M\000\040\000y\000a\000n\000g\000\040\000T\000i\000d\000a\000k\000\040\000T\000e\000r\000p\000e\000n\000u\000h\000i}{section.4.6}% 77
\BOOKMARK [2][-]{subsection.4.6.2}{\376\377\0004\000.\0006\000.\0002\000\040\000B\000i\000a\000y\000a\000\040\000T\000a\000h\000u\000n\000a\000n}{section.4.6}% 78
\BOOKMARK [2][-]{subsection.4.6.3}{\376\377\0004\000.\0006\000.\0003\000\040\000K\000o\000m\000p\000o\000n\000e\000n\000\040\000B\000i\000a\000y\000a}{section.4.6}% 79
\BOOKMARK [0][-]{chapter.5}{\376\377\0005\000\040\000P\000E\000N\000U\000T\000U\000P}{}% 80
\BOOKMARK [1][-]{section.5.1}{\376\377\0005\000.\0001\000\040\000K\000e\000s\000i\000m\000p\000u\000l\000a\000n}{chapter.5}% 81
\BOOKMARK [1][-]{section.5.2}{\376\377\0005\000.\0002\000\040\000S\000a\000r\000a\000n}{chapter.5}% 82
\BOOKMARK [0][-]{chapter*.57}{\376\377\000D\000A\000F\000T\000A\000R\000\040\000P\000U\000S\000T\000A\000K\000A}{}% 83
\BOOKMARK [0][-]{appendix*.58}{\376\377\000L\000A\000M\000P\000I\000R\000A\000N}{}% 84
\BOOKMARK [0][-]{appendix*.82}{\376\377\000B\000i\000o\000d\000a\000t\000a\000\040\000P\000e\000n\000u\000l\000i\000s}{}% 85
